{"./xooie/widgets/base.js":{"path":"./xooie/widgets/base.js","s":{"1":1,"2":1,"3":1,"4":218,"5":218,"6":218,"7":58,"8":58,"9":58,"10":58,"11":1,"12":333,"13":1,"14":14,"15":14,"16":6,"17":6,"18":577,"19":1,"20":160,"21":160,"22":160,"23":160,"24":160,"25":160,"26":0,"27":1,"28":163,"29":163,"30":163,"31":163,"32":163,"33":4,"34":3,"35":3,"36":1,"37":160,"38":166,"39":160,"40":160,"41":160,"42":160,"43":160,"44":160,"45":160,"46":160,"47":1,"48":1,"49":160,"50":1,"51":1,"52":1,"53":0,"54":1,"55":1,"56":0,"57":1,"58":1,"59":0,"60":1,"61":1,"62":0,"63":1,"64":13,"65":1,"66":28,"67":1,"68":13,"69":13,"70":1,"71":14,"72":14,"73":14,"74":6,"75":557,"76":1,"77":3,"78":1,"79":38,"80":38,"81":0,"82":1,"83":0,"84":0,"85":0,"86":1,"87":1,"88":1,"89":1,"90":1,"91":1,"92":1,"93":1,"94":1,"95":1,"96":1,"97":1,"98":903,"99":1,"100":328,"101":1,"102":160,"103":160,"104":14,"105":14,"106":160,"107":160,"108":160,"109":1,"110":5,"111":5,"112":0,"113":5,"114":1,"115":228,"116":1,"117":169,"118":169,"119":305,"120":305,"121":305,"122":33,"123":305,"124":1,"125":304,"126":228,"127":304,"128":97,"129":1,"130":234,"131":160,"132":234,"133":1,"134":198,"135":1,"136":355,"137":1,"138":322,"139":1,"140":384,"141":1},"b":{"1":[58,160],"2":[6,8],"3":[160,0],"4":[160,0],"5":[163,162],"6":[4,159],"7":[3,1],"8":[1,159],"9":[1,0],"10":[1,0],"11":[1,1],"12":[1,0],"13":[1,0],"14":[1,1],"15":[6,8],"16":[38,0],"17":[0,0],"18":[14,0],"19":[5,1],"20":[0,5],"21":[33,272],"22":[305,237],"23":[1,304],"24":[97,207],"25":[160,74],"26":[108,90],"27":[208,147],"28":[204,118],"29":[203,181]},"f":{"1":1,"2":218,"3":333,"4":14,"5":577,"6":160,"7":163,"8":166,"9":160,"10":1,"11":1,"12":1,"13":1,"14":13,"15":28,"16":13,"17":14,"18":557,"19":3,"20":38,"21":0,"22":903,"23":328,"24":160,"25":5,"26":228,"27":169,"28":234,"29":198,"30":355,"31":322,"32":384},"fnMap":{"1":{"name":"(anonymous_1)","line":24,"loc":{"start":{"line":24,"column":89},"end":{"line":24,"column":123}}},"2":{"name":"(anonymous_2)","line":37,"loc":{"start":{"line":37,"column":9},"end":{"line":37,"column":30}}},"3":{"name":"roleDetails","line":64,"loc":{"start":{"line":64,"column":2},"end":{"line":64,"column":29}}},"4":{"name":"roleDispatcher","line":79,"loc":{"start":{"line":79,"column":2},"end":{"line":79,"column":43}}},"5":{"name":"(anonymous_5)","line":85,"loc":{"start":{"line":85,"column":35},"end":{"line":85,"column":47}}},"6":{"name":"cacheInstance","line":98,"loc":{"start":{"line":98,"column":2},"end":{"line":98,"column":35}}},"7":{"name":"(anonymous_7)","line":122,"loc":{"start":{"line":122,"column":25},"end":{"line":122,"column":52}}},"8":{"name":"(anonymous_8)","line":140,"loc":{"start":{"line":140,"column":71},"end":{"line":140,"column":83}}},"9":{"name":"(anonymous_9)","line":154,"loc":{"start":{"line":154,"column":5},"end":{"line":154,"column":32}}},"10":{"name":"(anonymous_10)","line":181,"loc":{"start":{"line":181,"column":22},"end":{"line":181,"column":48}}},"11":{"name":"(anonymous_11)","line":188,"loc":{"start":{"line":188,"column":16},"end":{"line":188,"column":42}}},"12":{"name":"(anonymous_12)","line":195,"loc":{"start":{"line":195,"column":16},"end":{"line":195,"column":42}}},"13":{"name":"(anonymous_13)","line":202,"loc":{"start":{"line":202,"column":18},"end":{"line":202,"column":44}}},"14":{"name":"(anonymous_14)","line":218,"loc":{"start":{"line":218,"column":27},"end":{"line":218,"column":43}}},"15":{"name":"(anonymous_15)","line":229,"loc":{"start":{"line":229,"column":26},"end":{"line":229,"column":56}}},"16":{"name":"(anonymous_16)","line":241,"loc":{"start":{"line":241,"column":18},"end":{"line":241,"column":48}}},"17":{"name":"(anonymous_17)","line":251,"loc":{"start":{"line":251,"column":22},"end":{"line":251,"column":38}}},"18":{"name":"(anonymous_18)","line":257,"loc":{"start":{"line":257,"column":36},"end":{"line":257,"column":48}}},"19":{"name":"(anonymous_19)","line":269,"loc":{"start":{"line":269,"column":18},"end":{"line":269,"column":49}}},"20":{"name":"(anonymous_20)","line":281,"loc":{"start":{"line":281,"column":27},"end":{"line":281,"column":59}}},"21":{"name":"(anonymous_21)","line":295,"loc":{"start":{"line":295,"column":24},"end":{"line":295,"column":44}}},"22":{"name":"(anonymous_22)","line":454,"loc":{"start":{"line":454,"column":25},"end":{"line":454,"column":41}}},"23":{"name":"(anonymous_23)","line":465,"loc":{"start":{"line":465,"column":25},"end":{"line":465,"column":48}}},"24":{"name":"(anonymous_24)","line":475,"loc":{"start":{"line":475,"column":29},"end":{"line":475,"column":41}}},"25":{"name":"(anonymous_25)","line":497,"loc":{"start":{"line":497,"column":28},"end":{"line":497,"column":54}}},"26":{"name":"(anonymous_26)","line":515,"loc":{"start":{"line":515,"column":32},"end":{"line":515,"column":55}}},"27":{"name":"(anonymous_27)","line":524,"loc":{"start":{"line":524,"column":33},"end":{"line":524,"column":45}}},"28":{"name":"(anonymous_28)","line":556,"loc":{"start":{"line":556,"column":37},"end":{"line":556,"column":55}}},"29":{"name":"(anonymous_29)","line":570,"loc":{"start":{"line":570,"column":43},"end":{"line":570,"column":67}}},"30":{"name":"(anonymous_30)","line":580,"loc":{"start":{"line":580,"column":40},"end":{"line":580,"column":61}}},"31":{"name":"(anonymous_31)","line":590,"loc":{"start":{"line":590,"column":40},"end":{"line":590,"column":61}}},"32":{"name":"(anonymous_32)","line":599,"loc":{"start":{"line":599,"column":44},"end":{"line":599,"column":56}}}},"statementMap":{"1":{"start":{"line":24,"column":0},"end":{"line":604,"column":3}},"2":{"start":{"line":26,"column":2},"end":{"line":26,"column":13}},"3":{"start":{"line":36,"column":2},"end":{"line":49,"column":4}},"4":{"start":{"line":38,"column":6},"end":{"line":38,"column":20}},"5":{"start":{"line":40,"column":6},"end":{"line":40,"column":41}},"6":{"start":{"line":41,"column":6},"end":{"line":47,"column":7}},"7":{"start":{"line":42,"column":8},"end":{"line":42,"column":38}},"8":{"start":{"line":43,"column":8},"end":{"line":43,"column":46}},"9":{"start":{"line":44,"column":8},"end":{"line":44,"column":36}},"10":{"start":{"line":46,"column":8},"end":{"line":46,"column":44}},"11":{"start":{"line":64,"column":2},"end":{"line":72,"column":3}},"12":{"start":{"line":65,"column":4},"end":{"line":71,"column":6}},"13":{"start":{"line":79,"column":2},"end":{"line":89,"column":3}},"14":{"start":{"line":80,"column":4},"end":{"line":80,"column":33}},"15":{"start":{"line":82,"column":4},"end":{"line":88,"column":5}},"16":{"start":{"line":83,"column":6},"end":{"line":83,"column":41}},"17":{"start":{"line":85,"column":6},"end":{"line":87,"column":8}},"18":{"start":{"line":86,"column":8},"end":{"line":86,"column":35}},"19":{"start":{"line":98,"column":2},"end":{"line":111,"column":3}},"20":{"start":{"line":99,"column":4},"end":{"line":110,"column":5}},"21":{"start":{"line":100,"column":6},"end":{"line":100,"column":36}},"22":{"start":{"line":102,"column":6},"end":{"line":102,"column":29}},"23":{"start":{"line":104,"column":6},"end":{"line":108,"column":7}},"24":{"start":{"line":105,"column":8},"end":{"line":105,"column":44}},"25":{"start":{"line":107,"column":8},"end":{"line":107,"column":21}},"26":{"start":{"line":109,"column":6},"end":{"line":109,"column":37}},"27":{"start":{"line":122,"column":2},"end":{"line":166,"column":5}},"28":{"start":{"line":123,"column":4},"end":{"line":123,"column":24}},"29":{"start":{"line":125,"column":4},"end":{"line":125,"column":25}},"30":{"start":{"line":126,"column":4},"end":{"line":126,"column":26}},"31":{"start":{"line":129,"column":4},"end":{"line":129,"column":41}},"32":{"start":{"line":132,"column":4},"end":{"line":138,"column":5}},"33":{"start":{"line":133,"column":6},"end":{"line":136,"column":7}},"34":{"start":{"line":134,"column":8},"end":{"line":134,"column":50}},"35":{"start":{"line":135,"column":8},"end":{"line":135,"column":64}},"36":{"start":{"line":137,"column":6},"end":{"line":137,"column":21}},"37":{"start":{"line":140,"column":4},"end":{"line":142,"column":7}},"38":{"start":{"line":141,"column":6},"end":{"line":141,"column":25}},"39":{"start":{"line":144,"column":4},"end":{"line":144,"column":29}},"40":{"start":{"line":146,"column":4},"end":{"line":146,"column":44}},"41":{"start":{"line":148,"column":4},"end":{"line":148,"column":23}},"42":{"start":{"line":150,"column":4},"end":{"line":150,"column":30}},"43":{"start":{"line":152,"column":4},"end":{"line":153,"column":48}},"44":{"start":{"line":155,"column":4},"end":{"line":155,"column":25}},"45":{"start":{"line":157,"column":4},"end":{"line":157,"column":25}},"46":{"start":{"line":159,"column":4},"end":{"line":163,"column":5}},"47":{"start":{"line":160,"column":6},"end":{"line":162,"column":7}},"48":{"start":{"line":161,"column":8},"end":{"line":161,"column":43}},"49":{"start":{"line":165,"column":4},"end":{"line":165,"column":47}},"50":{"start":{"line":179,"column":2},"end":{"line":208,"column":4}},"51":{"start":{"line":182,"column":6},"end":{"line":184,"column":7}},"52":{"start":{"line":183,"column":8},"end":{"line":183,"column":46}},"53":{"start":{"line":185,"column":6},"end":{"line":185,"column":19}},"54":{"start":{"line":189,"column":6},"end":{"line":191,"column":7}},"55":{"start":{"line":190,"column":8},"end":{"line":190,"column":57}},"56":{"start":{"line":192,"column":6},"end":{"line":192,"column":19}},"57":{"start":{"line":196,"column":6},"end":{"line":198,"column":7}},"58":{"start":{"line":197,"column":8},"end":{"line":197,"column":40}},"59":{"start":{"line":199,"column":6},"end":{"line":199,"column":19}},"60":{"start":{"line":203,"column":6},"end":{"line":205,"column":7}},"61":{"start":{"line":204,"column":8},"end":{"line":204,"column":59}},"62":{"start":{"line":206,"column":6},"end":{"line":206,"column":19}},"63":{"start":{"line":218,"column":2},"end":{"line":220,"column":4}},"64":{"start":{"line":219,"column":4},"end":{"line":219,"column":39}},"65":{"start":{"line":229,"column":2},"end":{"line":231,"column":4}},"66":{"start":{"line":230,"column":4},"end":{"line":230,"column":52}},"67":{"start":{"line":241,"column":2},"end":{"line":244,"column":4}},"68":{"start":{"line":242,"column":4},"end":{"line":242,"column":44}},"69":{"start":{"line":243,"column":4},"end":{"line":243,"column":31}},"70":{"start":{"line":251,"column":2},"end":{"line":261,"column":4}},"71":{"start":{"line":252,"column":4},"end":{"line":252,"column":33}},"72":{"start":{"line":254,"column":4},"end":{"line":254,"column":41}},"73":{"start":{"line":256,"column":4},"end":{"line":260,"column":5}},"74":{"start":{"line":257,"column":6},"end":{"line":259,"column":8}},"75":{"start":{"line":258,"column":8},"end":{"line":258,"column":47}},"76":{"start":{"line":269,"column":2},"end":{"line":271,"column":4}},"77":{"start":{"line":270,"column":4},"end":{"line":270,"column":52}},"78":{"start":{"line":281,"column":2},"end":{"line":286,"column":4}},"79":{"start":{"line":282,"column":4},"end":{"line":284,"column":5}},"80":{"start":{"line":283,"column":6},"end":{"line":283,"column":58}},"81":{"start":{"line":285,"column":4},"end":{"line":285,"column":17}},"82":{"start":{"line":295,"column":2},"end":{"line":300,"column":4}},"83":{"start":{"line":296,"column":4},"end":{"line":298,"column":5}},"84":{"start":{"line":297,"column":6},"end":{"line":297,"column":38}},"85":{"start":{"line":299,"column":4},"end":{"line":299,"column":44}},"86":{"start":{"line":307,"column":2},"end":{"line":307,"column":38}},"87":{"start":{"line":314,"column":2},"end":{"line":314,"column":38}},"88":{"start":{"line":330,"column":2},"end":{"line":330,"column":22}},"89":{"start":{"line":344,"column":2},"end":{"line":344,"column":24}},"90":{"start":{"line":359,"column":2},"end":{"line":359,"column":33}},"91":{"start":{"line":374,"column":2},"end":{"line":374,"column":54}},"92":{"start":{"line":389,"column":2},"end":{"line":389,"column":34}},"93":{"start":{"line":403,"column":2},"end":{"line":403,"column":57}},"94":{"start":{"line":417,"column":2},"end":{"line":417,"column":51}},"95":{"start":{"line":430,"column":2},"end":{"line":430,"column":56}},"96":{"start":{"line":443,"column":2},"end":{"line":443,"column":41}},"97":{"start":{"line":454,"column":2},"end":{"line":456,"column":4}},"98":{"start":{"line":455,"column":4},"end":{"line":455,"column":34}},"99":{"start":{"line":465,"column":2},"end":{"line":467,"column":4}},"100":{"start":{"line":466,"column":4},"end":{"line":466,"column":41}},"101":{"start":{"line":475,"column":2},"end":{"line":487,"column":4}},"102":{"start":{"line":476,"column":4},"end":{"line":476,"column":13}},"103":{"start":{"line":478,"column":4},"end":{"line":482,"column":5}},"104":{"start":{"line":479,"column":6},"end":{"line":481,"column":7}},"105":{"start":{"line":480,"column":8},"end":{"line":480,"column":38}},"106":{"start":{"line":484,"column":4},"end":{"line":484,"column":46}},"107":{"start":{"line":485,"column":4},"end":{"line":485,"column":50}},"108":{"start":{"line":486,"column":4},"end":{"line":486,"column":51}},"109":{"start":{"line":497,"column":2},"end":{"line":505,"column":4}},"110":{"start":{"line":498,"column":4},"end":{"line":499,"column":63}},"111":{"start":{"line":501,"column":4},"end":{"line":503,"column":5}},"112":{"start":{"line":502,"column":6},"end":{"line":502,"column":56}},"113":{"start":{"line":504,"column":4},"end":{"line":504,"column":18}},"114":{"start":{"line":515,"column":2},"end":{"line":517,"column":4}},"115":{"start":{"line":516,"column":4},"end":{"line":516,"column":55}},"116":{"start":{"line":524,"column":2},"end":{"line":547,"column":4}},"117":{"start":{"line":525,"column":4},"end":{"line":525,"column":29}},"118":{"start":{"line":527,"column":4},"end":{"line":546,"column":5}},"119":{"start":{"line":528,"column":6},"end":{"line":528,"column":48}},"120":{"start":{"line":529,"column":6},"end":{"line":529,"column":37}},"121":{"start":{"line":531,"column":6},"end":{"line":533,"column":7}},"122":{"start":{"line":532,"column":8},"end":{"line":532,"column":41}},"123":{"start":{"line":535,"column":6},"end":{"line":537,"column":7}},"124":{"start":{"line":536,"column":8},"end":{"line":536,"column":15}},"125":{"start":{"line":539,"column":6},"end":{"line":541,"column":7}},"126":{"start":{"line":540,"column":8},"end":{"line":540,"column":77}},"127":{"start":{"line":543,"column":6},"end":{"line":545,"column":7}},"128":{"start":{"line":544,"column":8},"end":{"line":544,"column":39}},"129":{"start":{"line":556,"column":2},"end":{"line":562,"column":4}},"130":{"start":{"line":557,"column":4},"end":{"line":559,"column":5}},"131":{"start":{"line":558,"column":6},"end":{"line":558,"column":33}},"132":{"start":{"line":561,"column":4},"end":{"line":561,"column":18}},"133":{"start":{"line":570,"column":2},"end":{"line":572,"column":4}},"134":{"start":{"line":571,"column":4},"end":{"line":571,"column":90}},"135":{"start":{"line":580,"column":2},"end":{"line":582,"column":4}},"136":{"start":{"line":581,"column":4},"end":{"line":581,"column":84}},"137":{"start":{"line":590,"column":2},"end":{"line":592,"column":4}},"138":{"start":{"line":591,"column":4},"end":{"line":591,"column":84}},"139":{"start":{"line":599,"column":2},"end":{"line":601,"column":4}},"140":{"start":{"line":600,"column":4},"end":{"line":600,"column":96}},"141":{"start":{"line":603,"column":2},"end":{"line":603,"column":16}}},"branchMap":{"1":{"line":41,"type":"if","locations":[{"start":{"line":41,"column":6},"end":{"line":41,"column":6}},{"start":{"line":41,"column":6},"end":{"line":41,"column":6}}]},"2":{"line":82,"type":"if","locations":[{"start":{"line":82,"column":4},"end":{"line":82,"column":4}},{"start":{"line":82,"column":4},"end":{"line":82,"column":4}}]},"3":{"line":99,"type":"if","locations":[{"start":{"line":99,"column":4},"end":{"line":99,"column":4}},{"start":{"line":99,"column":4},"end":{"line":99,"column":4}}]},"4":{"line":104,"type":"if","locations":[{"start":{"line":104,"column":6},"end":{"line":104,"column":6}},{"start":{"line":104,"column":6},"end":{"line":104,"column":6}}]},"5":{"line":126,"type":"binary-expr","locations":[{"start":{"line":126,"column":13},"end":{"line":126,"column":19}},{"start":{"line":126,"column":23},"end":{"line":126,"column":25}}]},"6":{"line":132,"type":"if","locations":[{"start":{"line":132,"column":4},"end":{"line":132,"column":4}},{"start":{"line":132,"column":4},"end":{"line":132,"column":4}}]},"7":{"line":133,"type":"if","locations":[{"start":{"line":133,"column":6},"end":{"line":133,"column":6}},{"start":{"line":133,"column":6},"end":{"line":133,"column":6}}]},"8":{"line":159,"type":"if","locations":[{"start":{"line":159,"column":4},"end":{"line":159,"column":4}},{"start":{"line":159,"column":4},"end":{"line":159,"column":4}}]},"9":{"line":182,"type":"if","locations":[{"start":{"line":182,"column":6},"end":{"line":182,"column":6}},{"start":{"line":182,"column":6},"end":{"line":182,"column":6}}]},"10":{"line":189,"type":"if","locations":[{"start":{"line":189,"column":6},"end":{"line":189,"column":6}},{"start":{"line":189,"column":6},"end":{"line":189,"column":6}}]},"11":{"line":189,"type":"binary-expr","locations":[{"start":{"line":189,"column":10},"end":{"line":189,"column":40}},{"start":{"line":189,"column":44},"end":{"line":189,"column":81}}]},"12":{"line":196,"type":"if","locations":[{"start":{"line":196,"column":6},"end":{"line":196,"column":6}},{"start":{"line":196,"column":6},"end":{"line":196,"column":6}}]},"13":{"line":203,"type":"if","locations":[{"start":{"line":203,"column":6},"end":{"line":203,"column":6}},{"start":{"line":203,"column":6},"end":{"line":203,"column":6}}]},"14":{"line":203,"type":"binary-expr","locations":[{"start":{"line":203,"column":10},"end":{"line":203,"column":33}},{"start":{"line":203,"column":37},"end":{"line":203,"column":69}}]},"15":{"line":256,"type":"if","locations":[{"start":{"line":256,"column":4},"end":{"line":256,"column":4}},{"start":{"line":256,"column":4},"end":{"line":256,"column":4}}]},"16":{"line":282,"type":"if","locations":[{"start":{"line":282,"column":4},"end":{"line":282,"column":4}},{"start":{"line":282,"column":4},"end":{"line":282,"column":4}}]},"17":{"line":296,"type":"if","locations":[{"start":{"line":296,"column":4},"end":{"line":296,"column":4}},{"start":{"line":296,"column":4},"end":{"line":296,"column":4}}]},"18":{"line":479,"type":"if","locations":[{"start":{"line":479,"column":6},"end":{"line":479,"column":6}},{"start":{"line":479,"column":6},"end":{"line":479,"column":6}}]},"19":{"line":498,"type":"binary-expr","locations":[{"start":{"line":498,"column":19},"end":{"line":498,"column":52}},{"start":{"line":498,"column":56},"end":{"line":498,"column":79}}]},"20":{"line":501,"type":"if","locations":[{"start":{"line":501,"column":4},"end":{"line":501,"column":4}},{"start":{"line":501,"column":4},"end":{"line":501,"column":4}}]},"21":{"line":531,"type":"if","locations":[{"start":{"line":531,"column":6},"end":{"line":531,"column":6}},{"start":{"line":531,"column":6},"end":{"line":531,"column":6}}]},"22":{"line":531,"type":"binary-expr","locations":[{"start":{"line":531,"column":10},"end":{"line":531,"column":31}},{"start":{"line":531,"column":35},"end":{"line":531,"column":74}}]},"23":{"line":535,"type":"if","locations":[{"start":{"line":535,"column":6},"end":{"line":535,"column":6}},{"start":{"line":535,"column":6},"end":{"line":535,"column":6}}]},"24":{"line":543,"type":"if","locations":[{"start":{"line":543,"column":6},"end":{"line":543,"column":6}},{"start":{"line":543,"column":6},"end":{"line":543,"column":6}}]},"25":{"line":557,"type":"if","locations":[{"start":{"line":557,"column":4},"end":{"line":557,"column":4}},{"start":{"line":557,"column":4},"end":{"line":557,"column":4}}]},"26":{"line":571,"type":"cond-expr","locations":[{"start":{"line":571,"column":37},"end":{"line":571,"column":49}},{"start":{"line":571,"column":52},"end":{"line":571,"column":89}}]},"27":{"line":581,"type":"cond-expr","locations":[{"start":{"line":581,"column":37},"end":{"line":581,"column":46}},{"start":{"line":581,"column":49},"end":{"line":581,"column":83}}]},"28":{"line":591,"type":"cond-expr","locations":[{"start":{"line":591,"column":37},"end":{"line":591,"column":46}},{"start":{"line":591,"column":49},"end":{"line":591,"column":83}}]},"29":{"line":600,"type":"cond-expr","locations":[{"start":{"line":600,"column":37},"end":{"line":600,"column":58}},{"start":{"line":600,"column":61},"end":{"line":600,"column":95}}]}}},"./xooie/widgets/dropdown.js":{"path":"./xooie/widgets/dropdown.js","s":{"1":1,"2":1,"3":0,"4":0,"5":0,"6":0,"7":0,"8":0,"9":0,"10":1,"11":24,"12":24,"13":24,"14":24,"15":24,"16":2,"17":2,"18":0,"19":2,"20":0,"21":2,"22":2,"23":2,"24":0,"25":2,"26":2,"27":3,"28":3,"29":3,"30":0,"31":0,"32":3,"33":3,"34":0,"35":3,"36":3,"37":24,"38":24,"39":24,"40":10,"41":10,"42":10,"43":10,"44":10,"45":3,"46":3,"47":3,"48":3,"49":3,"50":24,"51":48,"52":72,"53":72,"54":72,"55":72,"56":72,"57":24,"58":1,"59":1,"60":1,"61":1,"62":1,"63":1,"64":1,"65":1,"66":1,"67":1,"68":1,"69":1,"70":1,"71":49,"72":49,"73":2,"74":47,"75":1,"76":37,"77":37,"78":37,"79":36,"80":36,"81":0,"82":36,"83":36,"84":36,"85":36,"86":1,"87":13,"88":13,"89":13,"90":13,"91":13,"92":13,"93":13,"94":13,"95":12,"96":12,"97":1,"98":1,"99":103,"100":103,"101":1,"102":53,"103":53,"104":27,"105":26,"106":53,"107":1,"108":10,"109":0,"110":10,"111":10,"112":10,"113":10,"114":10,"115":10,"116":2,"117":8,"118":7,"119":7,"120":7,"121":7,"122":7,"123":7,"124":7,"125":7,"126":6,"127":1,"128":7,"129":4,"130":4,"131":1,"132":2,"133":2,"134":1,"135":2,"136":2,"137":1},"b":{"1":[0,0],"2":[0,0],"3":[0,2],"4":[0,0],"5":[0,2],"6":[0,0],"7":[2,2,2],"8":[2,0],"9":[0,2],"10":[3,3],"11":[0,3],"12":[0,0],"13":[3,3,0],"14":[0,3],"15":[1,0],"16":[2,47],"17":[1,1],"18":[36,0],"19":[0,36],"20":[36,32],"21":[13,0],"22":[12,1],"23":[50,53],"24":[103,50],"25":[27,26],"26":[53,26],"27":[0,10],"28":[10,10],"29":[8,2],"30":[8,2],"31":[2,8],"32":[10,9],"33":[6,1],"34":[4,3],"35":[2,0],"36":[2,0]},"f":{"1":1,"2":0,"3":0,"4":24,"5":2,"6":3,"7":10,"8":3,"9":48,"10":72,"11":1,"12":1,"13":49,"14":37,"15":13,"16":103,"17":53,"18":10,"19":7,"20":4,"21":2,"22":2},"fnMap":{"1":{"name":"(anonymous_1)","line":24,"loc":{"start":{"line":24,"column":84},"end":{"line":24,"column":112}}},"2":{"name":"parseWhich","line":27,"loc":{"start":{"line":27,"column":2},"end":{"line":27,"column":29}}},"3":{"name":"(anonymous_3)","line":30,"loc":{"start":{"line":30,"column":23},"end":{"line":30,"column":41}}},"4":{"name":"(anonymous_4)","line":48,"loc":{"start":{"line":48,"column":29},"end":{"line":48,"column":41}}},"5":{"name":"(anonymous_5)","line":56,"loc":{"start":{"line":56,"column":11},"end":{"line":56,"column":28}}},"6":{"name":"(anonymous_6)","line":79,"loc":{"start":{"line":79,"column":10},"end":{"line":79,"column":27}}},"7":{"name":"(anonymous_7)","line":110,"loc":{"start":{"line":110,"column":22},"end":{"line":110,"column":46}}},"8":{"name":"(anonymous_8)","line":121,"loc":{"start":{"line":121,"column":24},"end":{"line":121,"column":48}}},"9":{"name":"(anonymous_9)","line":133,"loc":{"start":{"line":133,"column":65},"end":{"line":133,"column":77}}},"10":{"name":"(anonymous_10)","line":134,"loc":{"start":{"line":134,"column":19},"end":{"line":134,"column":36}}},"11":{"name":"(anonymous_11)","line":151,"loc":{"start":{"line":151,"column":36},"end":{"line":151,"column":48}}},"12":{"name":"(anonymous_12)","line":157,"loc":{"start":{"line":157,"column":54},"end":{"line":157,"column":71}}},"13":{"name":"(anonymous_13)","line":188,"loc":{"start":{"line":188,"column":40},"end":{"line":188,"column":70}}},"14":{"name":"(anonymous_14)","line":197,"loc":{"start":{"line":197,"column":35},"end":{"line":197,"column":59}}},"15":{"name":"(anonymous_15)","line":219,"loc":{"start":{"line":219,"column":38},"end":{"line":219,"column":62}}},"16":{"name":"(anonymous_16)","line":243,"loc":{"start":{"line":243,"column":33},"end":{"line":243,"column":50}}},"17":{"name":"(anonymous_17)","line":249,"loc":{"start":{"line":249,"column":35},"end":{"line":249,"column":52}}},"18":{"name":"(anonymous_18)","line":261,"loc":{"start":{"line":261,"column":32},"end":{"line":261,"column":63}}},"19":{"name":"(anonymous_19)","line":278,"loc":{"start":{"line":278,"column":43},"end":{"line":278,"column":80}}},"20":{"name":"(anonymous_20)","line":297,"loc":{"start":{"line":297,"column":45},"end":{"line":297,"column":57}}},"21":{"name":"(anonymous_21)","line":305,"loc":{"start":{"line":305,"column":30},"end":{"line":305,"column":53}}},"22":{"name":"(anonymous_22)","line":311,"loc":{"start":{"line":311,"column":32},"end":{"line":311,"column":55}}}},"statementMap":{"1":{"start":{"line":24,"column":0},"end":{"line":318,"column":3}},"2":{"start":{"line":27,"column":2},"end":{"line":38,"column":3}},"3":{"start":{"line":28,"column":4},"end":{"line":31,"column":5}},"4":{"start":{"line":29,"column":6},"end":{"line":29,"column":31}},"5":{"start":{"line":30,"column":6},"end":{"line":30,"column":75}},"6":{"start":{"line":30,"column":43},"end":{"line":30,"column":71}},"7":{"start":{"line":33,"column":4},"end":{"line":35,"column":5}},"8":{"start":{"line":34,"column":6},"end":{"line":34,"column":21}},"9":{"start":{"line":37,"column":4},"end":{"line":37,"column":17}},"10":{"start":{"line":48,"column":2},"end":{"line":163,"column":5}},"11":{"start":{"line":49,"column":4},"end":{"line":49,"column":33}},"12":{"start":{"line":51,"column":4},"end":{"line":51,"column":16}},"13":{"start":{"line":52,"column":4},"end":{"line":52,"column":31}},"14":{"start":{"line":53,"column":4},"end":{"line":53,"column":35}},"15":{"start":{"line":55,"column":4},"end":{"line":99,"column":6}},"16":{"start":{"line":57,"column":8},"end":{"line":57,"column":26}},"17":{"start":{"line":59,"column":8},"end":{"line":61,"column":9}},"18":{"start":{"line":60,"column":10},"end":{"line":60,"column":102}},"19":{"start":{"line":63,"column":8},"end":{"line":65,"column":9}},"20":{"start":{"line":64,"column":10},"end":{"line":64,"column":72}},"21":{"start":{"line":67,"column":8},"end":{"line":67,"column":153}},"22":{"start":{"line":68,"column":8},"end":{"line":68,"column":54}},"23":{"start":{"line":70,"column":8},"end":{"line":72,"column":9}},"24":{"start":{"line":71,"column":10},"end":{"line":71,"column":22}},"25":{"start":{"line":74,"column":8},"end":{"line":74,"column":31}},"26":{"start":{"line":76,"column":8},"end":{"line":76,"column":52}},"27":{"start":{"line":80,"column":8},"end":{"line":80,"column":25}},"28":{"start":{"line":82,"column":8},"end":{"line":82,"column":86}},"29":{"start":{"line":84,"column":8},"end":{"line":87,"column":9}},"30":{"start":{"line":85,"column":10},"end":{"line":85,"column":48}},"31":{"start":{"line":86,"column":10},"end":{"line":86,"column":78}},"32":{"start":{"line":89,"column":8},"end":{"line":89,"column":114}},"33":{"start":{"line":91,"column":8},"end":{"line":93,"column":9}},"34":{"start":{"line":92,"column":10},"end":{"line":92,"column":22}},"35":{"start":{"line":95,"column":8},"end":{"line":95,"column":31}},"36":{"start":{"line":97,"column":8},"end":{"line":97,"column":39}},"37":{"start":{"line":101,"column":4},"end":{"line":105,"column":6}},"38":{"start":{"line":107,"column":4},"end":{"line":107,"column":27}},"39":{"start":{"line":109,"column":4},"end":{"line":131,"column":38}},"40":{"start":{"line":111,"column":8},"end":{"line":111,"column":41}},"41":{"start":{"line":113,"column":8},"end":{"line":113,"column":39}},"42":{"start":{"line":115,"column":8},"end":{"line":115,"column":44}},"43":{"start":{"line":116,"column":8},"end":{"line":116,"column":59}},"44":{"start":{"line":118,"column":8},"end":{"line":118,"column":31}},"45":{"start":{"line":122,"column":8},"end":{"line":122,"column":42}},"46":{"start":{"line":124,"column":8},"end":{"line":124,"column":38}},"47":{"start":{"line":126,"column":8},"end":{"line":126,"column":45}},"48":{"start":{"line":127,"column":8},"end":{"line":127,"column":58}},"49":{"start":{"line":129,"column":8},"end":{"line":129,"column":31}},"50":{"start":{"line":133,"column":4},"end":{"line":149,"column":7}},"51":{"start":{"line":134,"column":6},"end":{"line":148,"column":9}},"52":{"start":{"line":135,"column":8},"end":{"line":135,"column":29}},"53":{"start":{"line":137,"column":8},"end":{"line":137,"column":25}},"54":{"start":{"line":138,"column":8},"end":{"line":138,"column":39}},"55":{"start":{"line":140,"column":8},"end":{"line":143,"column":11}},"56":{"start":{"line":144,"column":8},"end":{"line":147,"column":11}},"57":{"start":{"line":151,"column":4},"end":{"line":162,"column":7}},"58":{"start":{"line":152,"column":6},"end":{"line":152,"column":68}},"59":{"start":{"line":154,"column":6},"end":{"line":161,"column":7}},"60":{"start":{"line":155,"column":8},"end":{"line":155,"column":80}},"61":{"start":{"line":157,"column":8},"end":{"line":160,"column":11}},"62":{"start":{"line":158,"column":10},"end":{"line":158,"column":45}},"63":{"start":{"line":159,"column":10},"end":{"line":159,"column":32}},"64":{"start":{"line":165,"column":2},"end":{"line":165,"column":43}},"65":{"start":{"line":167,"column":2},"end":{"line":167,"column":40}},"66":{"start":{"line":169,"column":2},"end":{"line":180,"column":5}},"67":{"start":{"line":182,"column":2},"end":{"line":182,"column":85}},"68":{"start":{"line":184,"column":2},"end":{"line":184,"column":88}},"69":{"start":{"line":186,"column":2},"end":{"line":186,"column":71}},"70":{"start":{"line":188,"column":2},"end":{"line":195,"column":4}},"71":{"start":{"line":189,"column":4},"end":{"line":189,"column":40}},"72":{"start":{"line":191,"column":4},"end":{"line":193,"column":5}},"73":{"start":{"line":192,"column":6},"end":{"line":192,"column":89}},"74":{"start":{"line":194,"column":4},"end":{"line":194,"column":19}},"75":{"start":{"line":197,"column":2},"end":{"line":217,"column":4}},"76":{"start":{"line":198,"column":4},"end":{"line":198,"column":48}},"77":{"start":{"line":200,"column":4},"end":{"line":200,"column":41}},"78":{"start":{"line":202,"column":4},"end":{"line":216,"column":5}},"79":{"start":{"line":203,"column":6},"end":{"line":215,"column":7}},"80":{"start":{"line":204,"column":8},"end":{"line":206,"column":9}},"81":{"start":{"line":205,"column":10},"end":{"line":205,"column":78}},"82":{"start":{"line":208,"column":8},"end":{"line":208,"column":56}},"83":{"start":{"line":210,"column":8},"end":{"line":210,"column":68}},"84":{"start":{"line":212,"column":8},"end":{"line":212,"column":64}},"85":{"start":{"line":214,"column":8},"end":{"line":214,"column":107}},"86":{"start":{"line":219,"column":2},"end":{"line":241,"column":4}},"87":{"start":{"line":220,"column":4},"end":{"line":220,"column":60}},"88":{"start":{"line":222,"column":4},"end":{"line":222,"column":41}},"89":{"start":{"line":224,"column":4},"end":{"line":240,"column":5}},"90":{"start":{"line":225,"column":6},"end":{"line":239,"column":7}},"91":{"start":{"line":226,"column":8},"end":{"line":226,"column":68}},"92":{"start":{"line":228,"column":8},"end":{"line":228,"column":56}},"93":{"start":{"line":230,"column":8},"end":{"line":230,"column":48}},"94":{"start":{"line":232,"column":8},"end":{"line":238,"column":9}},"95":{"start":{"line":233,"column":10},"end":{"line":233,"column":55}},"96":{"start":{"line":235,"column":10},"end":{"line":235,"column":36}},"97":{"start":{"line":237,"column":10},"end":{"line":237,"column":45}},"98":{"start":{"line":243,"column":2},"end":{"line":247,"column":4}},"99":{"start":{"line":244,"column":4},"end":{"line":244,"column":66}},"100":{"start":{"line":246,"column":4},"end":{"line":246,"column":85}},"101":{"start":{"line":249,"column":2},"end":{"line":259,"column":4}},"102":{"start":{"line":250,"column":4},"end":{"line":250,"column":23}},"103":{"start":{"line":252,"column":4},"end":{"line":256,"column":5}},"104":{"start":{"line":253,"column":6},"end":{"line":253,"column":55}},"105":{"start":{"line":255,"column":6},"end":{"line":255,"column":97}},"106":{"start":{"line":258,"column":4},"end":{"line":258,"column":44}},"107":{"start":{"line":261,"column":2},"end":{"line":303,"column":4}},"108":{"start":{"line":262,"column":4},"end":{"line":264,"column":5}},"109":{"start":{"line":263,"column":6},"end":{"line":263,"column":13}},"110":{"start":{"line":266,"column":4},"end":{"line":266,"column":35}},"111":{"start":{"line":268,"column":4},"end":{"line":268,"column":43}},"112":{"start":{"line":269,"column":4},"end":{"line":269,"column":50}},"113":{"start":{"line":270,"column":4},"end":{"line":270,"column":23}},"114":{"start":{"line":272,"column":4},"end":{"line":272,"column":86}},"115":{"start":{"line":274,"column":4},"end":{"line":276,"column":5}},"116":{"start":{"line":275,"column":6},"end":{"line":275,"column":13}},"117":{"start":{"line":278,"column":4},"end":{"line":302,"column":53}},"118":{"start":{"line":279,"column":6},"end":{"line":279,"column":33}},"119":{"start":{"line":281,"column":6},"end":{"line":281,"column":37}},"120":{"start":{"line":282,"column":6},"end":{"line":282,"column":33}},"121":{"start":{"line":283,"column":6},"end":{"line":283,"column":18}},"122":{"start":{"line":285,"column":6},"end":{"line":285,"column":68}},"123":{"start":{"line":287,"column":6},"end":{"line":287,"column":64}},"124":{"start":{"line":288,"column":6},"end":{"line":288,"column":73}},"125":{"start":{"line":290,"column":6},"end":{"line":294,"column":7}},"126":{"start":{"line":291,"column":8},"end":{"line":291,"column":53}},"127":{"start":{"line":293,"column":8},"end":{"line":293,"column":55}},"128":{"start":{"line":296,"column":6},"end":{"line":300,"column":7}},"129":{"start":{"line":297,"column":8},"end":{"line":299,"column":33}},"130":{"start":{"line":298,"column":10},"end":{"line":298,"column":74}},"131":{"start":{"line":305,"column":2},"end":{"line":309,"column":4}},"132":{"start":{"line":306,"column":4},"end":{"line":308,"column":5}},"133":{"start":{"line":307,"column":6},"end":{"line":307,"column":39}},"134":{"start":{"line":311,"column":2},"end":{"line":315,"column":4}},"135":{"start":{"line":312,"column":4},"end":{"line":314,"column":5}},"136":{"start":{"line":313,"column":6},"end":{"line":313,"column":40}},"137":{"start":{"line":317,"column":2},"end":{"line":317,"column":18}}},"branchMap":{"1":{"line":28,"type":"if","locations":[{"start":{"line":28,"column":4},"end":{"line":28,"column":4}},{"start":{"line":28,"column":4},"end":{"line":28,"column":4}}]},"2":{"line":33,"type":"if","locations":[{"start":{"line":33,"column":4},"end":{"line":33,"column":4}},{"start":{"line":33,"column":4},"end":{"line":33,"column":4}}]},"3":{"line":59,"type":"if","locations":[{"start":{"line":59,"column":8},"end":{"line":59,"column":8}},{"start":{"line":59,"column":8},"end":{"line":59,"column":8}}]},"4":{"line":60,"type":"binary-expr","locations":[{"start":{"line":60,"column":18},"end":{"line":60,"column":47}},{"start":{"line":60,"column":51},"end":{"line":60,"column":101}}]},"5":{"line":63,"type":"if","locations":[{"start":{"line":63,"column":8},"end":{"line":63,"column":8}},{"start":{"line":63,"column":8},"end":{"line":63,"column":8}}]},"6":{"line":64,"type":"binary-expr","locations":[{"start":{"line":64,"column":18},"end":{"line":64,"column":23}},{"start":{"line":64,"column":27},"end":{"line":64,"column":71}}]},"7":{"line":67,"type":"binary-expr","locations":[{"start":{"line":67,"column":16},"end":{"line":67,"column":21}},{"start":{"line":67,"column":26},"end":{"line":67,"column":80}},{"start":{"line":67,"column":84},"end":{"line":67,"column":151}}]},"8":{"line":68,"type":"binary-expr","locations":[{"start":{"line":68,"column":16},"end":{"line":68,"column":21}},{"start":{"line":68,"column":25},"end":{"line":68,"column":53}}]},"9":{"line":70,"type":"if","locations":[{"start":{"line":70,"column":8},"end":{"line":70,"column":8}},{"start":{"line":70,"column":8},"end":{"line":70,"column":8}}]},"10":{"line":82,"type":"binary-expr","locations":[{"start":{"line":82,"column":16},"end":{"line":82,"column":32}},{"start":{"line":82,"column":36},"end":{"line":82,"column":85}}]},"11":{"line":84,"type":"if","locations":[{"start":{"line":84,"column":8},"end":{"line":84,"column":8}},{"start":{"line":84,"column":8},"end":{"line":84,"column":8}}]},"12":{"line":86,"type":"binary-expr","locations":[{"start":{"line":86,"column":18},"end":{"line":86,"column":23}},{"start":{"line":86,"column":27},"end":{"line":86,"column":77}}]},"13":{"line":89,"type":"binary-expr","locations":[{"start":{"line":89,"column":16},"end":{"line":89,"column":21}},{"start":{"line":89,"column":26},"end":{"line":89,"column":64}},{"start":{"line":89,"column":68},"end":{"line":89,"column":112}}]},"14":{"line":91,"type":"if","locations":[{"start":{"line":91,"column":8},"end":{"line":91,"column":8}},{"start":{"line":91,"column":8},"end":{"line":91,"column":8}}]},"15":{"line":154,"type":"if","locations":[{"start":{"line":154,"column":6},"end":{"line":154,"column":6}},{"start":{"line":154,"column":6},"end":{"line":154,"column":6}}]},"16":{"line":191,"type":"if","locations":[{"start":{"line":191,"column":4},"end":{"line":191,"column":4}},{"start":{"line":191,"column":4},"end":{"line":191,"column":4}}]},"17":{"line":192,"type":"cond-expr","locations":[{"start":{"line":192,"column":51},"end":{"line":192,"column":62}},{"start":{"line":192,"column":65},"end":{"line":192,"column":88}}]},"18":{"line":203,"type":"if","locations":[{"start":{"line":203,"column":6},"end":{"line":203,"column":6}},{"start":{"line":203,"column":6},"end":{"line":203,"column":6}}]},"19":{"line":204,"type":"if","locations":[{"start":{"line":204,"column":8},"end":{"line":204,"column":8}},{"start":{"line":204,"column":8},"end":{"line":204,"column":8}}]},"20":{"line":212,"type":"binary-expr","locations":[{"start":{"line":212,"column":31},"end":{"line":212,"column":57}},{"start":{"line":212,"column":61},"end":{"line":212,"column":62}}]},"21":{"line":225,"type":"if","locations":[{"start":{"line":225,"column":6},"end":{"line":225,"column":6}},{"start":{"line":225,"column":6},"end":{"line":225,"column":6}}]},"22":{"line":232,"type":"if","locations":[{"start":{"line":232,"column":8},"end":{"line":232,"column":8}},{"start":{"line":232,"column":8},"end":{"line":232,"column":8}}]},"23":{"line":246,"type":"cond-expr","locations":[{"start":{"line":246,"column":57},"end":{"line":246,"column":74}},{"start":{"line":246,"column":77},"end":{"line":246,"column":84}}]},"24":{"line":246,"type":"binary-expr","locations":[{"start":{"line":246,"column":12},"end":{"line":246,"column":39}},{"start":{"line":246,"column":43},"end":{"line":246,"column":53}}]},"25":{"line":252,"type":"if","locations":[{"start":{"line":252,"column":4},"end":{"line":252,"column":4}},{"start":{"line":252,"column":4},"end":{"line":252,"column":4}}]},"26":{"line":252,"type":"binary-expr","locations":[{"start":{"line":252,"column":8},"end":{"line":252,"column":34}},{"start":{"line":252,"column":38},"end":{"line":252,"column":50}}]},"27":{"line":262,"type":"if","locations":[{"start":{"line":262,"column":4},"end":{"line":262,"column":4}},{"start":{"line":262,"column":4},"end":{"line":262,"column":4}}]},"28":{"line":262,"type":"binary-expr","locations":[{"start":{"line":262,"column":8},"end":{"line":262,"column":34}},{"start":{"line":262,"column":38},"end":{"line":262,"column":50}}]},"29":{"line":268,"type":"cond-expr","locations":[{"start":{"line":268,"column":21},"end":{"line":268,"column":29}},{"start":{"line":268,"column":32},"end":{"line":268,"column":42}}]},"30":{"line":269,"type":"cond-expr","locations":[{"start":{"line":269,"column":28},"end":{"line":269,"column":38}},{"start":{"line":269,"column":41},"end":{"line":269,"column":49}}]},"31":{"line":274,"type":"if","locations":[{"start":{"line":274,"column":4},"end":{"line":274,"column":4}},{"start":{"line":274,"column":4},"end":{"line":274,"column":4}}]},"32":{"line":274,"type":"binary-expr","locations":[{"start":{"line":274,"column":8},"end":{"line":274,"column":35}},{"start":{"line":274,"column":39},"end":{"line":274,"column":64}}]},"33":{"line":290,"type":"if","locations":[{"start":{"line":290,"column":6},"end":{"line":290,"column":6}},{"start":{"line":290,"column":6},"end":{"line":290,"column":6}}]},"34":{"line":296,"type":"if","locations":[{"start":{"line":296,"column":6},"end":{"line":296,"column":6}},{"start":{"line":296,"column":6},"end":{"line":296,"column":6}}]},"35":{"line":306,"type":"if","locations":[{"start":{"line":306,"column":4},"end":{"line":306,"column":4}},{"start":{"line":306,"column":4},"end":{"line":306,"column":4}}]},"36":{"line":312,"type":"if","locations":[{"start":{"line":312,"column":4},"end":{"line":312,"column":4}},{"start":{"line":312,"column":4},"end":{"line":312,"column":4}}]}}},"./xooie/widgets/carousel.js":{"path":"./xooie/widgets/carousel.js","s":{"1":1,"2":1,"3":1,"4":1,"5":0,"6":0,"7":0,"8":0,"9":0,"10":0,"11":1,"12":0,"13":0,"14":0,"15":0,"16":0,"17":0,"18":1,"19":32,"20":32,"21":32,"22":0,"23":0,"24":0,"25":0,"26":0,"27":0,"28":0,"29":0,"30":0,"31":0,"32":0,"33":0,"34":0,"35":0,"36":0,"37":0,"38":0,"39":0,"40":0,"41":0,"42":0,"43":0,"44":0,"45":0,"46":1,"47":0,"48":0,"49":0,"50":0,"51":0,"52":32,"53":32,"54":0,"55":0,"56":0,"57":0,"58":0,"59":0,"60":0,"61":0,"62":0,"63":0,"64":0,"65":0,"66":0,"67":0,"68":0,"69":0,"70":0,"71":0,"72":0,"73":0,"74":0,"75":0,"76":0,"77":0,"78":0,"79":0,"80":0,"81":0,"82":0,"83":0,"84":1,"85":0,"86":0,"87":32,"88":32,"89":0,"90":0,"91":0,"92":0,"93":0,"94":32,"95":32,"96":32,"97":64,"98":1,"99":1,"100":1,"101":1,"102":1,"103":1,"104":1,"105":1,"106":1,"107":1,"108":1,"109":1,"110":1,"111":1,"112":1,"113":1,"114":1,"115":1,"116":1,"117":1,"118":1,"119":1,"120":1,"121":0,"122":0,"123":0,"124":0,"125":0,"126":0,"127":0,"128":0,"129":0,"130":0,"131":0,"132":0,"133":0,"134":0,"135":0,"136":0,"137":0,"138":0,"139":1,"140":64,"141":1,"142":64,"143":64,"144":64,"145":64,"146":64,"147":32,"148":0,"149":32,"150":1,"151":64,"152":64,"153":320,"154":64,"155":64,"156":1,"157":64,"158":64,"159":64,"160":64,"161":64,"162":64,"163":64,"164":1,"165":0,"166":0,"167":0,"168":0,"169":0,"170":0,"171":0,"172":0,"173":0,"174":1,"175":32,"176":32,"177":0,"178":32,"179":1,"180":32,"181":32,"182":32,"183":1,"184":32,"185":32,"186":1,"187":160,"188":1,"189":160,"190":1,"191":32,"192":32,"193":32,"194":1,"195":32,"196":1},"b":{"1":[0,0],"2":[0,0],"3":[0,0],"4":[0,0],"5":[0,0],"6":[0,0],"7":[0,0,0],"8":[0,0],"9":[0,0],"10":[0,0],"11":[0,0],"12":[0,0],"13":[0,0],"14":[0,0],"15":[0,0],"16":[0,0],"17":[0,0],"18":[0,0],"19":[0,0],"20":[0,0],"21":[0,0],"22":[0,0],"23":[0,0],"24":[0,0],"25":[0,0],"26":[0,0],"27":[0,0],"28":[0,0],"29":[0,0],"30":[32,32],"31":[64,32],"32":[0,0],"33":[0,0],"34":[0,32],"35":[0,32]},"f":{"1":1,"2":0,"3":0,"4":0,"5":32,"6":0,"7":0,"8":0,"9":0,"10":0,"11":0,"12":0,"13":0,"14":0,"15":0,"16":0,"17":0,"18":0,"19":0,"20":0,"21":64,"22":0,"23":64,"24":64,"25":64,"26":320,"27":64,"28":0,"29":0,"30":32,"31":32,"32":32,"33":160,"34":160,"35":32,"36":32},"fnMap":{"1":{"name":"(anonymous_1)","line":29,"loc":{"start":{"line":29,"column":107},"end":{"line":29,"column":149}}},"2":{"name":"(anonymous_2)","line":45,"loc":{"start":{"line":45,"column":25},"end":{"line":45,"column":37}}},"3":{"name":"(anonymous_3)","line":52,"loc":{"start":{"line":52,"column":33},"end":{"line":52,"column":45}}},"4":{"name":"parseCtrlStr","line":67,"loc":{"start":{"line":67,"column":2},"end":{"line":67,"column":33}}},"5":{"name":"(anonymous_5)","line":92,"loc":{"start":{"line":92,"column":25},"end":{"line":92,"column":37}}},"6":{"name":"(anonymous_6)","line":125,"loc":{"start":{"line":125,"column":12},"end":{"line":125,"column":43}}},"7":{"name":"(anonymous_7)","line":151,"loc":{"start":{"line":151,"column":13},"end":{"line":151,"column":25}}},"8":{"name":"(anonymous_8)","line":155,"loc":{"start":{"line":155,"column":13},"end":{"line":155,"column":44}}},"9":{"name":"(anonymous_9)","line":175,"loc":{"start":{"line":175,"column":14},"end":{"line":175,"column":26}}},"10":{"name":"(anonymous_10)","line":179,"loc":{"start":{"line":179,"column":10},"end":{"line":179,"column":22}}},"11":{"name":"continuousScroll","line":189,"loc":{"start":{"line":189,"column":4},"end":{"line":189,"column":47}}},"12":{"name":"(anonymous_12)","line":192,"loc":{"start":{"line":192,"column":44},"end":{"line":192,"column":59}}},"13":{"name":"(anonymous_13)","line":211,"loc":{"start":{"line":211,"column":15},"end":{"line":211,"column":32}}},"14":{"name":"(anonymous_14)","line":226,"loc":{"start":{"line":226,"column":17},"end":{"line":226,"column":34}}},"15":{"name":"(anonymous_15)","line":239,"loc":{"start":{"line":239,"column":13},"end":{"line":239,"column":30}}},"16":{"name":"(anonymous_16)","line":257,"loc":{"start":{"line":257,"column":15},"end":{"line":257,"column":32}}},"17":{"name":"(anonymous_17)","line":273,"loc":{"start":{"line":273,"column":18},"end":{"line":273,"column":30}}},"18":{"name":"(anonymous_18)","line":277,"loc":{"start":{"line":277,"column":12},"end":{"line":277,"column":24}}},"19":{"name":"scrollComplete","line":282,"loc":{"start":{"line":282,"column":4},"end":{"line":282,"column":30}}},"20":{"name":"(anonymous_20)","line":296,"loc":{"start":{"line":296,"column":38},"end":{"line":296,"column":50}}},"21":{"name":"(anonymous_21)","line":318,"loc":{"start":{"line":318,"column":6},"end":{"line":318,"column":18}}},"22":{"name":"(anonymous_22)","line":540,"loc":{"start":{"line":540,"column":35},"end":{"line":540,"column":56}}},"23":{"name":"(anonymous_23)","line":579,"loc":{"start":{"line":579,"column":30},"end":{"line":579,"column":42}}},"24":{"name":"(anonymous_24)","line":588,"loc":{"start":{"line":588,"column":31},"end":{"line":588,"column":43}}},"25":{"name":"(anonymous_25)","line":612,"loc":{"start":{"line":612,"column":40},"end":{"line":612,"column":52}}},"26":{"name":"(anonymous_26)","line":615,"loc":{"start":{"line":615,"column":22},"end":{"line":615,"column":34}}},"27":{"name":"(anonymous_27)","line":634,"loc":{"start":{"line":634,"column":36},"end":{"line":634,"column":48}}},"28":{"name":"(anonymous_28)","line":656,"loc":{"start":{"line":656,"column":32},"end":{"line":656,"column":51}}},"29":{"name":"(anonymous_29)","line":669,"loc":{"start":{"line":669,"column":6},"end":{"line":669,"column":18}}},"30":{"name":"(anonymous_30)","line":685,"loc":{"start":{"line":685,"column":45},"end":{"line":685,"column":64}}},"31":{"name":"(anonymous_31)","line":702,"loc":{"start":{"line":702,"column":44},"end":{"line":702,"column":56}}},"32":{"name":"(anonymous_32)","line":718,"loc":{"start":{"line":718,"column":45},"end":{"line":718,"column":64}}},"33":{"name":"(anonymous_33)","line":731,"loc":{"start":{"line":731,"column":38},"end":{"line":731,"column":50}}},"34":{"name":"(anonymous_34)","line":740,"loc":{"start":{"line":740,"column":41},"end":{"line":740,"column":53}}},"35":{"name":"(anonymous_35)","line":748,"loc":{"start":{"line":748,"column":45},"end":{"line":748,"column":65}}},"36":{"name":"(anonymous_36)","line":762,"loc":{"start":{"line":762,"column":44},"end":{"line":762,"column":67}}}},"statementMap":{"1":{"start":{"line":29,"column":0},"end":{"line":767,"column":3}},"2":{"start":{"line":31,"column":2},"end":{"line":31,"column":23}},"3":{"start":{"line":41,"column":2},"end":{"line":43,"column":4}},"4":{"start":{"line":45,"column":2},"end":{"line":56,"column":5}},"5":{"start":{"line":46,"column":4},"end":{"line":49,"column":5}},"6":{"start":{"line":47,"column":6},"end":{"line":47,"column":34}},"7":{"start":{"line":48,"column":6},"end":{"line":48,"column":27}},"8":{"start":{"line":50,"column":4},"end":{"line":55,"column":5}},"9":{"start":{"line":52,"column":6},"end":{"line":54,"column":14}},"10":{"start":{"line":53,"column":8},"end":{"line":53,"column":66}},"11":{"start":{"line":67,"column":2},"end":{"line":79,"column":3}},"12":{"start":{"line":68,"column":4},"end":{"line":68,"column":36}},"13":{"start":{"line":70,"column":4},"end":{"line":70,"column":100}},"14":{"start":{"line":72,"column":4},"end":{"line":74,"column":5}},"15":{"start":{"line":73,"column":6},"end":{"line":73,"column":74}},"16":{"start":{"line":76,"column":4},"end":{"line":78,"column":5}},"17":{"start":{"line":77,"column":6},"end":{"line":77,"column":32}},"18":{"start":{"line":92,"column":2},"end":{"line":322,"column":5}},"19":{"start":{"line":93,"column":4},"end":{"line":93,"column":20}},"20":{"start":{"line":106,"column":4},"end":{"line":109,"column":6}},"21":{"start":{"line":123,"column":4},"end":{"line":182,"column":6}},"22":{"start":{"line":126,"column":8},"end":{"line":126,"column":26}},"23":{"start":{"line":128,"column":8},"end":{"line":128,"column":29}},"24":{"start":{"line":130,"column":8},"end":{"line":130,"column":47}},"25":{"start":{"line":132,"column":8},"end":{"line":134,"column":9}},"26":{"start":{"line":133,"column":10},"end":{"line":133,"column":17}},"27":{"start":{"line":136,"column":8},"end":{"line":146,"column":9}},"28":{"start":{"line":137,"column":10},"end":{"line":137,"column":101}},"29":{"start":{"line":139,"column":10},"end":{"line":139,"column":54}},"30":{"start":{"line":141,"column":10},"end":{"line":141,"column":52}},"31":{"start":{"line":143,"column":10},"end":{"line":143,"column":82}},"32":{"start":{"line":145,"column":10},"end":{"line":145,"column":87}},"33":{"start":{"line":148,"column":8},"end":{"line":148,"column":27}},"34":{"start":{"line":152,"column":8},"end":{"line":152,"column":61}},"35":{"start":{"line":156,"column":8},"end":{"line":156,"column":16}},"36":{"start":{"line":158,"column":8},"end":{"line":158,"column":47}},"37":{"start":{"line":160,"column":8},"end":{"line":162,"column":9}},"38":{"start":{"line":161,"column":10},"end":{"line":161,"column":17}},"39":{"start":{"line":164,"column":8},"end":{"line":170,"column":9}},"40":{"start":{"line":165,"column":10},"end":{"line":165,"column":25}},"41":{"start":{"line":167,"column":10},"end":{"line":167,"column":52}},"42":{"start":{"line":169,"column":10},"end":{"line":169,"column":70}},"43":{"start":{"line":172,"column":8},"end":{"line":172,"column":27}},"44":{"start":{"line":176,"column":8},"end":{"line":176,"column":62}},"45":{"start":{"line":180,"column":8},"end":{"line":180,"column":62}},"46":{"start":{"line":189,"column":4},"end":{"line":200,"column":5}},"47":{"start":{"line":190,"column":6},"end":{"line":190,"column":45}},"48":{"start":{"line":192,"column":6},"end":{"line":199,"column":46}},"49":{"start":{"line":193,"column":8},"end":{"line":195,"column":9}},"50":{"start":{"line":194,"column":10},"end":{"line":194,"column":75}},"51":{"start":{"line":198,"column":8},"end":{"line":198,"column":64}},"52":{"start":{"line":208,"column":4},"end":{"line":208,"column":61}},"53":{"start":{"line":210,"column":4},"end":{"line":280,"column":7}},"54":{"start":{"line":212,"column":8},"end":{"line":212,"column":23}},"55":{"start":{"line":214,"column":8},"end":{"line":223,"column":9}},"56":{"start":{"line":215,"column":10},"end":{"line":215,"column":25}},"57":{"start":{"line":216,"column":10},"end":{"line":216,"column":56}},"58":{"start":{"line":218,"column":10},"end":{"line":222,"column":11}},"59":{"start":{"line":219,"column":12},"end":{"line":219,"column":44}},"60":{"start":{"line":221,"column":12},"end":{"line":221,"column":35}},"61":{"start":{"line":227,"column":8},"end":{"line":227,"column":23}},"62":{"start":{"line":229,"column":8},"end":{"line":229,"column":23}},"63":{"start":{"line":230,"column":8},"end":{"line":230,"column":54}},"64":{"start":{"line":232,"column":8},"end":{"line":236,"column":9}},"65":{"start":{"line":233,"column":10},"end":{"line":233,"column":42}},"66":{"start":{"line":235,"column":10},"end":{"line":235,"column":33}},"67":{"start":{"line":240,"column":8},"end":{"line":240,"column":73}},"68":{"start":{"line":242,"column":8},"end":{"line":244,"column":9}},"69":{"start":{"line":243,"column":10},"end":{"line":243,"column":17}},"70":{"start":{"line":246,"column":8},"end":{"line":254,"column":9}},"71":{"start":{"line":247,"column":10},"end":{"line":247,"column":63}},"72":{"start":{"line":249,"column":10},"end":{"line":251,"column":11}},"73":{"start":{"line":250,"column":12},"end":{"line":250,"column":57}},"74":{"start":{"line":253,"column":10},"end":{"line":253,"column":33}},"75":{"start":{"line":258,"column":8},"end":{"line":258,"column":73}},"76":{"start":{"line":260,"column":8},"end":{"line":262,"column":9}},"77":{"start":{"line":261,"column":10},"end":{"line":261,"column":17}},"78":{"start":{"line":264,"column":8},"end":{"line":264,"column":61}},"79":{"start":{"line":266,"column":8},"end":{"line":268,"column":9}},"80":{"start":{"line":267,"column":10},"end":{"line":267,"column":55}},"81":{"start":{"line":270,"column":8},"end":{"line":270,"column":31}},"82":{"start":{"line":274,"column":8},"end":{"line":274,"column":73}},"83":{"start":{"line":278,"column":8},"end":{"line":278,"column":73}},"84":{"start":{"line":282,"column":4},"end":{"line":286,"column":5}},"85":{"start":{"line":283,"column":6},"end":{"line":283,"column":62}},"86":{"start":{"line":285,"column":6},"end":{"line":285,"column":26}},"87":{"start":{"line":294,"column":4},"end":{"line":294,"column":61}},"88":{"start":{"line":296,"column":4},"end":{"line":307,"column":7}},"89":{"start":{"line":297,"column":6},"end":{"line":303,"column":7}},"90":{"start":{"line":298,"column":8},"end":{"line":298,"column":64}},"91":{"start":{"line":300,"column":8},"end":{"line":300,"column":76}},"92":{"start":{"line":302,"column":8},"end":{"line":302,"column":48}},"93":{"start":{"line":306,"column":6},"end":{"line":306,"column":60}},"94":{"start":{"line":309,"column":4},"end":{"line":309,"column":175}},"95":{"start":{"line":312,"column":4},"end":{"line":312,"column":55}},"96":{"start":{"line":314,"column":4},"end":{"line":320,"column":9}},"97":{"start":{"line":319,"column":8},"end":{"line":319,"column":32}},"98":{"start":{"line":330,"column":2},"end":{"line":330,"column":24}},"99":{"start":{"line":344,"column":2},"end":{"line":344,"column":43}},"100":{"start":{"line":358,"column":2},"end":{"line":358,"column":40}},"101":{"start":{"line":370,"column":2},"end":{"line":370,"column":43}},"102":{"start":{"line":382,"column":2},"end":{"line":382,"column":31}},"103":{"start":{"line":393,"column":2},"end":{"line":393,"column":66}},"104":{"start":{"line":404,"column":2},"end":{"line":404,"column":68}},"105":{"start":{"line":415,"column":2},"end":{"line":415,"column":62}},"106":{"start":{"line":426,"column":2},"end":{"line":426,"column":68}},"107":{"start":{"line":437,"column":2},"end":{"line":437,"column":68}},"108":{"start":{"line":448,"column":2},"end":{"line":448,"column":56}},"109":{"start":{"line":459,"column":2},"end":{"line":459,"column":58}},"110":{"start":{"line":468,"column":2},"end":{"line":468,"column":33}},"111":{"start":{"line":475,"column":2},"end":{"line":475,"column":33}},"112":{"start":{"line":482,"column":2},"end":{"line":482,"column":30}},"113":{"start":{"line":495,"column":2},"end":{"line":495,"column":33}},"114":{"start":{"line":499,"column":2},"end":{"line":503,"column":5}},"115":{"start":{"line":505,"column":2},"end":{"line":507,"column":5}},"116":{"start":{"line":509,"column":2},"end":{"line":514,"column":5}},"117":{"start":{"line":516,"column":2},"end":{"line":520,"column":5}},"118":{"start":{"line":522,"column":2},"end":{"line":527,"column":5}},"119":{"start":{"line":529,"column":2},"end":{"line":531,"column":5}},"120":{"start":{"line":540,"column":2},"end":{"line":572,"column":4}},"121":{"start":{"line":541,"column":4},"end":{"line":541,"column":47}},"122":{"start":{"line":543,"column":4},"end":{"line":543,"column":30}},"123":{"start":{"line":544,"column":4},"end":{"line":544,"column":25}},"124":{"start":{"line":546,"column":4},"end":{"line":558,"column":5}},"125":{"start":{"line":547,"column":6},"end":{"line":547,"column":68}},"126":{"start":{"line":549,"column":6},"end":{"line":556,"column":7}},"127":{"start":{"line":550,"column":8},"end":{"line":550,"column":49}},"128":{"start":{"line":551,"column":8},"end":{"line":551,"column":30}},"129":{"start":{"line":553,"column":8},"end":{"line":555,"column":9}},"130":{"start":{"line":554,"column":10},"end":{"line":554,"column":19}},"131":{"start":{"line":557,"column":6},"end":{"line":557,"column":15}},"132":{"start":{"line":560,"column":4},"end":{"line":560,"column":39}},"133":{"start":{"line":562,"column":4},"end":{"line":569,"column":5}},"134":{"start":{"line":563,"column":6},"end":{"line":563,"column":47}},"135":{"start":{"line":565,"column":6},"end":{"line":567,"column":7}},"136":{"start":{"line":566,"column":8},"end":{"line":566,"column":17}},"137":{"start":{"line":568,"column":6},"end":{"line":568,"column":28}},"138":{"start":{"line":571,"column":4},"end":{"line":571,"column":28}},"139":{"start":{"line":579,"column":2},"end":{"line":581,"column":4}},"140":{"start":{"line":580,"column":4},"end":{"line":580,"column":46}},"141":{"start":{"line":588,"column":2},"end":{"line":603,"column":4}},"142":{"start":{"line":589,"column":4},"end":{"line":589,"column":27}},"143":{"start":{"line":591,"column":4},"end":{"line":600,"column":5}},"144":{"start":{"line":592,"column":6},"end":{"line":592,"column":54}},"145":{"start":{"line":593,"column":6},"end":{"line":593,"column":37}},"146":{"start":{"line":595,"column":6},"end":{"line":597,"column":7}},"147":{"start":{"line":596,"column":8},"end":{"line":596,"column":101}},"148":{"start":{"line":599,"column":6},"end":{"line":599,"column":19}},"149":{"start":{"line":602,"column":4},"end":{"line":602,"column":17}},"150":{"start":{"line":612,"column":2},"end":{"line":623,"column":4}},"151":{"start":{"line":613,"column":4},"end":{"line":613,"column":19}},"152":{"start":{"line":615,"column":4},"end":{"line":617,"column":7}},"153":{"start":{"line":616,"column":6},"end":{"line":616,"column":59}},"154":{"start":{"line":620,"column":4},"end":{"line":620,"column":50}},"155":{"start":{"line":622,"column":4},"end":{"line":622,"column":24}},"156":{"start":{"line":634,"column":2},"end":{"line":647,"column":4}},"157":{"start":{"line":635,"column":4},"end":{"line":635,"column":24}},"158":{"start":{"line":637,"column":4},"end":{"line":637,"column":27}},"159":{"start":{"line":638,"column":4},"end":{"line":638,"column":29}},"160":{"start":{"line":640,"column":4},"end":{"line":640,"column":54}},"161":{"start":{"line":641,"column":4},"end":{"line":642,"column":45}},"162":{"start":{"line":644,"column":4},"end":{"line":644,"column":56}},"163":{"start":{"line":645,"column":4},"end":{"line":646,"column":46}},"164":{"start":{"line":656,"column":2},"end":{"line":675,"column":4}},"165":{"start":{"line":657,"column":4},"end":{"line":657,"column":20}},"166":{"start":{"line":659,"column":4},"end":{"line":659,"column":26}},"167":{"start":{"line":661,"column":4},"end":{"line":663,"column":5}},"168":{"start":{"line":662,"column":6},"end":{"line":662,"column":39}},"169":{"start":{"line":665,"column":4},"end":{"line":665,"column":28}},"170":{"start":{"line":668,"column":4},"end":{"line":674,"column":9}},"171":{"start":{"line":670,"column":8},"end":{"line":670,"column":33}},"172":{"start":{"line":671,"column":8},"end":{"line":673,"column":9}},"173":{"start":{"line":672,"column":10},"end":{"line":672,"column":15}},"174":{"start":{"line":685,"column":2},"end":{"line":693,"column":4}},"175":{"start":{"line":686,"column":4},"end":{"line":686,"column":42}},"176":{"start":{"line":688,"column":4},"end":{"line":690,"column":5}},"177":{"start":{"line":689,"column":6},"end":{"line":689,"column":35}},"178":{"start":{"line":692,"column":4},"end":{"line":692,"column":19}},"179":{"start":{"line":702,"column":2},"end":{"line":708,"column":4}},"180":{"start":{"line":703,"column":4},"end":{"line":703,"column":53}},"181":{"start":{"line":705,"column":4},"end":{"line":705,"column":34}},"182":{"start":{"line":707,"column":4},"end":{"line":707,"column":36}},"183":{"start":{"line":718,"column":2},"end":{"line":724,"column":4}},"184":{"start":{"line":719,"column":4},"end":{"line":721,"column":48}},"185":{"start":{"line":723,"column":4},"end":{"line":723,"column":19}},"186":{"start":{"line":731,"column":2},"end":{"line":733,"column":4}},"187":{"start":{"line":732,"column":4},"end":{"line":732,"column":38}},"188":{"start":{"line":740,"column":2},"end":{"line":742,"column":4}},"189":{"start":{"line":741,"column":4},"end":{"line":741,"column":56}},"190":{"start":{"line":748,"column":2},"end":{"line":755,"column":4}},"191":{"start":{"line":749,"column":4},"end":{"line":749,"column":46}},"192":{"start":{"line":751,"column":4},"end":{"line":752,"column":43}},"193":{"start":{"line":754,"column":4},"end":{"line":754,"column":20}},"194":{"start":{"line":762,"column":2},"end":{"line":764,"column":4}},"195":{"start":{"line":763,"column":4},"end":{"line":763,"column":88}},"196":{"start":{"line":766,"column":2},"end":{"line":766,"column":18}}},"branchMap":{"1":{"line":46,"type":"if","locations":[{"start":{"line":46,"column":4},"end":{"line":46,"column":4}},{"start":{"line":46,"column":4},"end":{"line":46,"column":4}}]},"2":{"line":50,"type":"if","locations":[{"start":{"line":50,"column":4},"end":{"line":50,"column":4}},{"start":{"line":50,"column":4},"end":{"line":50,"column":4}}]},"3":{"line":72,"type":"if","locations":[{"start":{"line":72,"column":4},"end":{"line":72,"column":4}},{"start":{"line":72,"column":4},"end":{"line":72,"column":4}}]},"4":{"line":76,"type":"if","locations":[{"start":{"line":76,"column":4},"end":{"line":76,"column":4}},{"start":{"line":76,"column":4},"end":{"line":76,"column":4}}]},"5":{"line":132,"type":"if","locations":[{"start":{"line":132,"column":8},"end":{"line":132,"column":8}},{"start":{"line":132,"column":8},"end":{"line":132,"column":8}}]},"6":{"line":136,"type":"if","locations":[{"start":{"line":136,"column":8},"end":{"line":136,"column":8}},{"start":{"line":136,"column":8},"end":{"line":136,"column":8}}]},"7":{"line":136,"type":"binary-expr","locations":[{"start":{"line":136,"column":12},"end":{"line":136,"column":32}},{"start":{"line":136,"column":36},"end":{"line":136,"column":48}},{"start":{"line":136,"column":52},"end":{"line":136,"column":76}}]},"8":{"line":141,"type":"cond-expr","locations":[{"start":{"line":141,"column":45},"end":{"line":141,"column":47}},{"start":{"line":141,"column":50},"end":{"line":141,"column":51}}]},"9":{"line":160,"type":"if","locations":[{"start":{"line":160,"column":8},"end":{"line":160,"column":8}},{"start":{"line":160,"column":8},"end":{"line":160,"column":8}}]},"10":{"line":164,"type":"if","locations":[{"start":{"line":164,"column":8},"end":{"line":164,"column":8}},{"start":{"line":164,"column":8},"end":{"line":164,"column":8}}]},"11":{"line":164,"type":"binary-expr","locations":[{"start":{"line":164,"column":12},"end":{"line":164,"column":32}},{"start":{"line":164,"column":36},"end":{"line":164,"column":49}}]},"12":{"line":167,"type":"cond-expr","locations":[{"start":{"line":167,"column":45},"end":{"line":167,"column":47}},{"start":{"line":167,"column":50},"end":{"line":167,"column":51}}]},"13":{"line":193,"type":"if","locations":[{"start":{"line":193,"column":8},"end":{"line":193,"column":8}},{"start":{"line":193,"column":8},"end":{"line":193,"column":8}}]},"14":{"line":199,"type":"cond-expr","locations":[{"start":{"line":199,"column":37},"end":{"line":199,"column":38}},{"start":{"line":199,"column":41},"end":{"line":199,"column":43}}]},"15":{"line":214,"type":"if","locations":[{"start":{"line":214,"column":8},"end":{"line":214,"column":8}},{"start":{"line":214,"column":8},"end":{"line":214,"column":8}}]},"16":{"line":218,"type":"if","locations":[{"start":{"line":218,"column":10},"end":{"line":218,"column":10}},{"start":{"line":218,"column":10},"end":{"line":218,"column":10}}]},"17":{"line":218,"type":"binary-expr","locations":[{"start":{"line":218,"column":14},"end":{"line":218,"column":38}},{"start":{"line":218,"column":42},"end":{"line":218,"column":63}}]},"18":{"line":232,"type":"if","locations":[{"start":{"line":232,"column":8},"end":{"line":232,"column":8}},{"start":{"line":232,"column":8},"end":{"line":232,"column":8}}]},"19":{"line":232,"type":"binary-expr","locations":[{"start":{"line":232,"column":12},"end":{"line":232,"column":36}},{"start":{"line":232,"column":40},"end":{"line":232,"column":61}}]},"20":{"line":242,"type":"if","locations":[{"start":{"line":242,"column":8},"end":{"line":242,"column":8}},{"start":{"line":242,"column":8},"end":{"line":242,"column":8}}]},"21":{"line":246,"type":"if","locations":[{"start":{"line":246,"column":8},"end":{"line":246,"column":8}},{"start":{"line":246,"column":8},"end":{"line":246,"column":8}}]},"22":{"line":249,"type":"if","locations":[{"start":{"line":249,"column":10},"end":{"line":249,"column":10}},{"start":{"line":249,"column":10},"end":{"line":249,"column":10}}]},"23":{"line":260,"type":"if","locations":[{"start":{"line":260,"column":8},"end":{"line":260,"column":8}},{"start":{"line":260,"column":8},"end":{"line":260,"column":8}}]},"24":{"line":266,"type":"if","locations":[{"start":{"line":266,"column":8},"end":{"line":266,"column":8}},{"start":{"line":266,"column":8},"end":{"line":266,"column":8}}]},"25":{"line":297,"type":"if","locations":[{"start":{"line":297,"column":6},"end":{"line":297,"column":6}},{"start":{"line":297,"column":6},"end":{"line":297,"column":6}}]},"26":{"line":546,"type":"if","locations":[{"start":{"line":546,"column":4},"end":{"line":546,"column":4}},{"start":{"line":546,"column":4},"end":{"line":546,"column":4}}]},"27":{"line":553,"type":"if","locations":[{"start":{"line":553,"column":8},"end":{"line":553,"column":8}},{"start":{"line":553,"column":8},"end":{"line":553,"column":8}}]},"28":{"line":553,"type":"binary-expr","locations":[{"start":{"line":553,"column":12},"end":{"line":553,"column":17}},{"start":{"line":553,"column":21},"end":{"line":553,"column":68}}]},"29":{"line":565,"type":"if","locations":[{"start":{"line":565,"column":6},"end":{"line":565,"column":6}},{"start":{"line":565,"column":6},"end":{"line":565,"column":6}}]},"30":{"line":595,"type":"if","locations":[{"start":{"line":595,"column":6},"end":{"line":595,"column":6}},{"start":{"line":595,"column":6},"end":{"line":595,"column":6}}]},"31":{"line":595,"type":"binary-expr","locations":[{"start":{"line":595,"column":10},"end":{"line":595,"column":18}},{"start":{"line":595,"column":22},"end":{"line":595,"column":57}}]},"32":{"line":661,"type":"if","locations":[{"start":{"line":661,"column":4},"end":{"line":661,"column":4}},{"start":{"line":661,"column":4},"end":{"line":661,"column":4}}]},"33":{"line":671,"type":"if","locations":[{"start":{"line":671,"column":8},"end":{"line":671,"column":8}},{"start":{"line":671,"column":8},"end":{"line":671,"column":8}}]},"34":{"line":688,"type":"if","locations":[{"start":{"line":688,"column":4},"end":{"line":688,"column":4}},{"start":{"line":688,"column":4},"end":{"line":688,"column":4}}]},"35":{"line":763,"type":"cond-expr","locations":[{"start":{"line":763,"column":37},"end":{"line":763,"column":48}},{"start":{"line":763,"column":51},"end":{"line":763,"column":87}}]}}},"./xooie/addons/base.js":{"path":"./xooie/addons/base.js","s":{"1":1,"2":1,"3":1,"4":15,"5":0,"6":15,"7":1,"8":14,"9":14,"10":14,"11":14,"12":14,"13":1,"14":5,"15":1,"16":3,"17":1,"18":3,"19":3,"20":1,"21":1,"22":1,"23":1,"24":1,"25":1,"26":1,"27":1,"28":1,"29":15,"30":1,"31":2,"32":1,"33":15,"34":1,"35":16,"36":1,"37":33,"38":1},"b":{"1":[0,15],"2":[1,14],"3":[15,15],"4":[14,2],"5":[29,4]},"f":{"1":1,"2":15,"3":14,"4":5,"5":3,"6":3,"7":1,"8":15,"9":2,"10":15,"11":16,"12":33},"fnMap":{"1":{"name":"(anonymous_1)","line":23,"loc":{"start":{"line":23,"column":63},"end":{"line":23,"column":90}}},"2":{"name":"(anonymous_2)","line":41,"loc":{"start":{"line":41,"column":24},"end":{"line":41,"column":42}}},"3":{"name":"(anonymous_3)","line":62,"loc":{"start":{"line":62,"column":5},"end":{"line":62,"column":17}}},"4":{"name":"(anonymous_4)","line":73,"loc":{"start":{"line":73,"column":25},"end":{"line":73,"column":55}}},"5":{"name":"(anonymous_5)","line":83,"loc":{"start":{"line":83,"column":26},"end":{"line":83,"column":42}}},"6":{"name":"(anonymous_6)","line":95,"loc":{"start":{"line":95,"column":17},"end":{"line":95,"column":47}}},"7":{"name":"(anonymous_7)","line":106,"loc":{"start":{"line":106,"column":17},"end":{"line":106,"column":48}}},"8":{"name":"(anonymous_8)","line":185,"loc":{"start":{"line":185,"column":24},"end":{"line":185,"column":40}}},"9":{"name":"(anonymous_9)","line":196,"loc":{"start":{"line":196,"column":24},"end":{"line":196,"column":47}}},"10":{"name":"(anonymous_10)","line":206,"loc":{"start":{"line":206,"column":28},"end":{"line":206,"column":40}}},"11":{"name":"(anonymous_11)","line":216,"loc":{"start":{"line":216,"column":39},"end":{"line":216,"column":60}}},"12":{"name":"(anonymous_12)","line":226,"loc":{"start":{"line":226,"column":40},"end":{"line":226,"column":62}}}},"statementMap":{"1":{"start":{"line":23,"column":0},"end":{"line":231,"column":3}},"2":{"start":{"line":25,"column":2},"end":{"line":25,"column":12}},"3":{"start":{"line":41,"column":2},"end":{"line":64,"column":5}},"4":{"start":{"line":43,"column":4},"end":{"line":45,"column":5}},"5":{"start":{"line":44,"column":6},"end":{"line":44,"column":19}},"6":{"start":{"line":48,"column":4},"end":{"line":50,"column":5}},"7":{"start":{"line":49,"column":6},"end":{"line":49,"column":42}},"8":{"start":{"line":53,"column":4},"end":{"line":53,"column":40}},"9":{"start":{"line":55,"column":4},"end":{"line":55,"column":46}},"10":{"start":{"line":58,"column":4},"end":{"line":58,"column":47}},"11":{"start":{"line":61,"column":4},"end":{"line":61,"column":24}},"12":{"start":{"line":63,"column":4},"end":{"line":63,"column":56}},"13":{"start":{"line":73,"column":2},"end":{"line":75,"column":4}},"14":{"start":{"line":74,"column":4},"end":{"line":74,"column":52}},"15":{"start":{"line":83,"column":2},"end":{"line":85,"column":4}},"16":{"start":{"line":84,"column":4},"end":{"line":84,"column":39}},"17":{"start":{"line":95,"column":2},"end":{"line":98,"column":4}},"18":{"start":{"line":96,"column":4},"end":{"line":96,"column":44}},"19":{"start":{"line":97,"column":4},"end":{"line":97,"column":31}},"20":{"start":{"line":106,"column":2},"end":{"line":108,"column":4}},"21":{"start":{"line":107,"column":4},"end":{"line":107,"column":52}},"22":{"start":{"line":115,"column":2},"end":{"line":115,"column":37}},"23":{"start":{"line":123,"column":2},"end":{"line":123,"column":38}},"24":{"start":{"line":139,"column":2},"end":{"line":139,"column":25}},"25":{"start":{"line":153,"column":2},"end":{"line":153,"column":32}},"26":{"start":{"line":165,"column":2},"end":{"line":165,"column":56}},"27":{"start":{"line":177,"column":2},"end":{"line":177,"column":50}},"28":{"start":{"line":185,"column":2},"end":{"line":187,"column":4}},"29":{"start":{"line":186,"column":4},"end":{"line":186,"column":34}},"30":{"start":{"line":196,"column":2},"end":{"line":198,"column":4}},"31":{"start":{"line":197,"column":4},"end":{"line":197,"column":41}},"32":{"start":{"line":206,"column":2},"end":{"line":208,"column":4}},"33":{"start":{"line":207,"column":4},"end":{"line":207,"column":56}},"34":{"start":{"line":216,"column":2},"end":{"line":218,"column":4}},"35":{"start":{"line":217,"column":4},"end":{"line":217,"column":79}},"36":{"start":{"line":226,"column":2},"end":{"line":228,"column":4}},"37":{"start":{"line":227,"column":4},"end":{"line":227,"column":82}},"38":{"start":{"line":230,"column":2},"end":{"line":230,"column":15}}},"branchMap":{"1":{"line":43,"type":"if","locations":[{"start":{"line":43,"column":4},"end":{"line":43,"column":4}},{"start":{"line":43,"column":4},"end":{"line":43,"column":4}}]},"2":{"line":48,"type":"if","locations":[{"start":{"line":48,"column":4},"end":{"line":48,"column":4}},{"start":{"line":48,"column":4},"end":{"line":48,"column":4}}]},"3":{"line":48,"type":"binary-expr","locations":[{"start":{"line":48,"column":8},"end":{"line":48,"column":23}},{"start":{"line":48,"column":27},"end":{"line":48,"column":70}}]},"4":{"line":217,"type":"cond-expr","locations":[{"start":{"line":217,"column":37},"end":{"line":217,"column":46}},{"start":{"line":217,"column":49},"end":{"line":217,"column":78}}]},"5":{"line":227,"type":"cond-expr","locations":[{"start":{"line":227,"column":37},"end":{"line":227,"column":47}},{"start":{"line":227,"column":50},"end":{"line":227,"column":81}}]}}},"./xooie/event_handler.js":{"path":"./xooie/event_handler.js","s":{"1":1,"2":1,"3":85,"4":85,"5":85,"6":1,"7":243,"8":1,"9":273,"10":273,"11":273,"12":33,"13":195,"14":195,"15":33,"16":240,"17":240,"18":239,"19":1,"20":1,"21":240,"22":238,"23":240,"24":1,"25":3,"26":3,"27":2,"28":1,"29":3,"30":3,"31":0,"32":3,"33":3,"34":1,"35":1},"b":{"1":[18,225],"2":[33,240],"3":[273,33],"4":[195,0],"5":[195,195],"6":[239,1],"7":[238,2],"8":[2,1],"9":[0,3],"10":[3,0],"11":[1,2]},"f":{"1":1,"2":85,"3":243,"4":273,"5":1,"6":3,"7":3},"fnMap":{"1":{"name":"(anonymous_1)","line":17,"loc":{"start":{"line":17,"column":59},"end":{"line":17,"column":81}}},"2":{"name":"(anonymous_2)","line":20,"loc":{"start":{"line":20,"column":21},"end":{"line":20,"column":42}}},"3":{"name":"format","line":28,"loc":{"start":{"line":28,"column":2},"end":{"line":28,"column":35}}},"4":{"name":"(anonymous_4)","line":32,"loc":{"start":{"line":32,"column":31},"end":{"line":32,"column":55}}},"5":{"name":"(anonymous_5)","line":50,"loc":{"start":{"line":50,"column":37},"end":{"line":50,"column":49}}},"6":{"name":"(anonymous_6)","line":63,"loc":{"start":{"line":63,"column":33},"end":{"line":63,"column":49}}},"7":{"name":"(anonymous_7)","line":71,"loc":{"start":{"line":71,"column":32},"end":{"line":71,"column":58}}}},"statementMap":{"1":{"start":{"line":17,"column":0},"end":{"line":86,"column":3}},"2":{"start":{"line":20,"column":2},"end":{"line":26,"column":4}},"3":{"start":{"line":21,"column":4},"end":{"line":21,"column":31}},"4":{"start":{"line":23,"column":4},"end":{"line":23,"column":23}},"5":{"start":{"line":25,"column":4},"end":{"line":25,"column":25}},"6":{"start":{"line":28,"column":2},"end":{"line":30,"column":3}},"7":{"start":{"line":29,"column":4},"end":{"line":29,"column":54}},"8":{"start":{"line":32,"column":2},"end":{"line":61,"column":4}},"9":{"start":{"line":33,"column":4},"end":{"line":33,"column":31}},"10":{"start":{"line":35,"column":4},"end":{"line":35,"column":16}},"11":{"start":{"line":37,"column":4},"end":{"line":45,"column":5}},"12":{"start":{"line":38,"column":6},"end":{"line":42,"column":7}},"13":{"start":{"line":39,"column":8},"end":{"line":41,"column":9}},"14":{"start":{"line":40,"column":10},"end":{"line":40,"column":31}},"15":{"start":{"line":44,"column":6},"end":{"line":44,"column":13}},"16":{"start":{"line":47,"column":4},"end":{"line":47,"column":49}},"17":{"start":{"line":49,"column":4},"end":{"line":54,"column":5}},"18":{"start":{"line":50,"column":6},"end":{"line":53,"column":8}},"19":{"start":{"line":51,"column":8},"end":{"line":51,"column":46}},"20":{"start":{"line":52,"column":8},"end":{"line":52,"column":41}},"21":{"start":{"line":56,"column":4},"end":{"line":58,"column":5}},"22":{"start":{"line":57,"column":6},"end":{"line":57,"column":52}},"23":{"start":{"line":60,"column":4},"end":{"line":60,"column":38}},"24":{"start":{"line":63,"column":2},"end":{"line":69,"column":4}},"25":{"start":{"line":64,"column":4},"end":{"line":64,"column":57}},"26":{"start":{"line":66,"column":4},"end":{"line":68,"column":5}},"27":{"start":{"line":67,"column":6},"end":{"line":67,"column":36}},"28":{"start":{"line":71,"column":2},"end":{"line":83,"column":4}},"29":{"start":{"line":72,"column":4},"end":{"line":72,"column":13}},"30":{"start":{"line":74,"column":4},"end":{"line":76,"column":5}},"31":{"start":{"line":75,"column":6},"end":{"line":75,"column":13}},"32":{"start":{"line":78,"column":4},"end":{"line":78,"column":39}},"33":{"start":{"line":80,"column":4},"end":{"line":82,"column":5}},"34":{"start":{"line":81,"column":6},"end":{"line":81,"column":58}},"35":{"start":{"line":85,"column":2},"end":{"line":85,"column":22}}},"branchMap":{"1":{"line":29,"type":"cond-expr","locations":[{"start":{"line":29,"column":24},"end":{"line":29,"column":28}},{"start":{"line":29,"column":31},"end":{"line":29,"column":53}}]},"2":{"line":37,"type":"if","locations":[{"start":{"line":37,"column":4},"end":{"line":37,"column":4}},{"start":{"line":37,"column":4},"end":{"line":37,"column":4}}]},"3":{"line":37,"type":"binary-expr","locations":[{"start":{"line":37,"column":8},"end":{"line":37,"column":30}},{"start":{"line":37,"column":34},"end":{"line":37,"column":61}}]},"4":{"line":39,"type":"if","locations":[{"start":{"line":39,"column":8},"end":{"line":39,"column":8}},{"start":{"line":39,"column":8},"end":{"line":39,"column":8}}]},"5":{"line":39,"type":"binary-expr","locations":[{"start":{"line":39,"column":12},"end":{"line":39,"column":34}},{"start":{"line":39,"column":38},"end":{"line":39,"column":65}}]},"6":{"line":49,"type":"if","locations":[{"start":{"line":49,"column":4},"end":{"line":49,"column":4}},{"start":{"line":49,"column":4},"end":{"line":49,"column":4}}]},"7":{"line":56,"type":"if","locations":[{"start":{"line":56,"column":4},"end":{"line":56,"column":4}},{"start":{"line":56,"column":4},"end":{"line":56,"column":4}}]},"8":{"line":66,"type":"if","locations":[{"start":{"line":66,"column":4},"end":{"line":66,"column":4}},{"start":{"line":66,"column":4},"end":{"line":66,"column":4}}]},"9":{"line":74,"type":"if","locations":[{"start":{"line":74,"column":4},"end":{"line":74,"column":4}},{"start":{"line":74,"column":4},"end":{"line":74,"column":4}}]},"10":{"line":74,"type":"binary-expr","locations":[{"start":{"line":74,"column":8},"end":{"line":74,"column":23}},{"start":{"line":74,"column":27},"end":{"line":74,"column":61}}]},"11":{"line":80,"type":"if","locations":[{"start":{"line":80,"column":4},"end":{"line":80,"column":4}},{"start":{"line":80,"column":4},"end":{"line":80,"column":4}}]}}},"./xooie/helpers.js":{"path":"./xooie/helpers.js","s":{"1":1,"2":1,"3":4,"4":2,"5":2,"6":1,"7":2,"8":1,"9":0,"10":278,"11":17726,"12":2193,"13":8612,"14":1},"b":{"1":[2,2],"2":[1,1],"3":[1,0]},"f":{"1":1,"2":4,"3":2,"4":1,"5":0,"6":278,"7":17726,"8":2193,"9":8612},"fnMap":{"1":{"name":"(anonymous_1)","line":23,"loc":{"start":{"line":23,"column":36},"end":{"line":23,"column":49}}},"2":{"name":"(anonymous_2)","line":34,"loc":{"start":{"line":34,"column":13},"end":{"line":34,"column":28}}},"3":{"name":"(anonymous_3)","line":44,"loc":{"start":{"line":44,"column":15},"end":{"line":44,"column":34}}},"4":{"name":"(anonymous_4)","line":48,"loc":{"start":{"line":48,"column":14},"end":{"line":48,"column":26}}},"5":{"name":"(anonymous_5)","line":49,"loc":{"start":{"line":49,"column":30},"end":{"line":49,"column":45}}},"6":{"name":"(anonymous_6)","line":54,"loc":{"start":{"line":54,"column":14},"end":{"line":54,"column":29}}},"7":{"name":"(anonymous_7)","line":58,"loc":{"start":{"line":58,"column":17},"end":{"line":58,"column":32}}},"8":{"name":"(anonymous_8)","line":62,"loc":{"start":{"line":62,"column":15},"end":{"line":62,"column":30}}},"9":{"name":"(anonymous_9)","line":66,"loc":{"start":{"line":66,"column":16},"end":{"line":66,"column":32}}}},"statementMap":{"1":{"start":{"line":23,"column":0},"end":{"line":72,"column":3}},"2":{"start":{"line":26,"column":2},"end":{"line":69,"column":4}},"3":{"start":{"line":35,"column":6},"end":{"line":37,"column":7}},"4":{"start":{"line":36,"column":8},"end":{"line":36,"column":32}},"5":{"start":{"line":39,"column":6},"end":{"line":41,"column":7}},"6":{"start":{"line":40,"column":8},"end":{"line":40,"column":19}},"7":{"start":{"line":45,"column":6},"end":{"line":45,"column":35}},"8":{"start":{"line":49,"column":6},"end":{"line":51,"column":8}},"9":{"start":{"line":50,"column":8},"end":{"line":50,"column":66}},"10":{"start":{"line":55,"column":6},"end":{"line":55,"column":34}},"11":{"start":{"line":59,"column":6},"end":{"line":59,"column":31}},"12":{"start":{"line":63,"column":6},"end":{"line":63,"column":36}},"13":{"start":{"line":67,"column":6},"end":{"line":67,"column":40}},"14":{"start":{"line":71,"column":2},"end":{"line":71,"column":17}}},"branchMap":{"1":{"line":35,"type":"if","locations":[{"start":{"line":35,"co
[...]
16}}},"branchMap":{"1":{"line":56,"type":"if","locations":[{"start":{"line":56,"column":4},"end":{"line":56,"column":4}},{"start":{"line":56,"column":4},"end":{"line":56,"column":4}}]},"2":{"line":60,"type":"if","locations":[{"start":{"line":60,"column":8},"end":{"line":60,"column":8}},{"start":{"line":60,"column":8},"end":{"line":60,"column":8}}]},"3":{"line":86,"type":"if","locations":[{"start":{"line":86,"column":6},"end":{"line":86,"column":6}},{"start":{"line":86,"column":6},"end":{"line":86,"column":6}}]},"4":{"line":88,"type":"cond-expr","locations":[{"start":{"line":88,"column":62},"end":{"line":88,"column":85}},{"start":{"line":88,"column":88},"end":{"line":88,"column":104}}]},"5":{"line":90,"type":"if","locations":[{"start":{"line":90,"column":10},"end":{"line":90,"column":10}},{"start":{"line":90,"column":10},"end":{"line":90,"column":10}}]},"6":{"line":111,"type":"if","locations":[{"start":{"line":111,"column":6},"end":{"line":111,"column":6}},{"start":{"line":111,"column":6},"end":{"line":111,"column":6}}]},"7":{"line":113,"type":"if","locations":[{"start":{"line":113,"column":10},"end":{"line":113,"column":10}},{"start":{"line":113,"column":10},"end":{"line":113,"column":10}}]},"8":{"line":113,"type":"binary-expr","locations":[{"start":{"line":113,"column":14},"end":{"line":113,"column":55}},{"start":{"line":113,"column":59},"end":{"line":113,"column":85}}]},"9":{"line":138,"type":"if","locations":[{"start":{"line":138,"column":12},"end":{"line":138,"column":12}},{"start":{"line":138,"column":12},"end":{"line":138,"column":12}}]},"10":{"line":149,"type":"if","locations":[{"start":{"line":149,"column":6},"end":{"line":149,"column":6}},{"start":{"line":149,"column":6},"end":{"line":149,"column":6}}]},"11":{"line":154,"type":"if","locations":[{"start":{"line":154,"column":6},"end":{"line":154,"column":6}},{"start":{"line":154,"column":6},"end":{"line":154,"column":6}}]},"12":{"line":158,"type":"if","locations":[{"start":{"line":158,"column":6},"end":{"line":158,"column":6}},{"start":{"line":158,"column":6},"end":{"line":158,"column":6}}]},"13":{"line":162,"type":"if","locations":[{"start":{"line":162,"column":6},"end":{"line":162,"column":6}},{"start":{"line":162,"column":6},"end":{"line":162,"column":6}}]},"14":{"line":166,"type":"if","locations":[{"start":{"line":166,"column":6},"end":{"line":166,"column":6}},{"start":{"line":166,"column":6},"end":{"line":166,"column":6}}]},"15":{"line":195,"type":"if","locations":[{"start":{"line":195,"column":6},"end":{"line":195,"column":6}},{"start":{"line":195,"column":6},"end":{"line":195,"column":6}}]},"16":{"line":212,"type":"if","locations":[{"start":{"line":212,"column":8},"end":{"line":212,"column":8}},{"start":{"line":212,"column":8},"end":{"line":212,"column":8}}]}}},"./xooie/stylesheet.js":{"path":"./xooie/stylesheet.js","s":{"1":1,"2":1,"3":17,"4":17,"5":7,"6":7,"7":17,"8":1,"9":224,"10":1,"11":47,"12":47,"13":47,"14":47,"15":707,"16":2,"17":45,"18":1,"19":46,"20":46,"21":45,"22":48,"23":48,"24":45,"25":43,"26":43,"27":43,"28":2,"29":2,"30":2,"31":3,"32":2,"33":46,"34":1,"35":2,"36":2,"37":2,"38":2,"39":2,"40":1,"41":1,"42":0,"43":1,"44":1,"45":1},"b":{"1":[7,10],"2":[224,0],"3":[47,0],"4":[2,705],"5":[45,1],"6":[48,0],"7":[43,2],"8":[2,0],"9":[1,1],"10":[1,0]},"f":{"1":1,"2":17,"3":224,"4":47,"5":46,"6":2},"fnMap":{"1":{"name":"(anonymous_1)","line":17,"loc":{"start":{"line":17,"column":39},"end":{"line":17,"column":52}}},"2":{"name":"(anonymous_2)","line":20,"loc":{"start":{"line":20,"column":19},"end":{"line":20,"column":35}}},"3":{"name":"(anonymous_3)","line":36,"loc":{"start":{"line":36,"column":29},"end":{"line":36,"column":41}}},"4":{"name":"(anonymous_4)","line":40,"loc":{"start":{"line":40,"column":33},"end":{"line":40,"column":53}}},"5":{"name":"(anonymous_5)","line":57,"loc":{"start":{"line":57,"column":33},"end":{"line":57,"column":65}}},"6":{"name":"(anonymous_6)","line":88,"loc":{"start":{"line":88,"column":36},"end":{"line":88,"column":56}}}},"statementMap":{"1":{"start":{"line":17,"column":0},"end":{"line":115,"column":3}},"2":{"start":{"line":20,"column":2},"end":{"line":34,"column":4}},"3":{"start":{"line":22,"column":4},"end":{"line":22,"column":47}},"4":{"start":{"line":24,"column":4},"end":{"line":31,"column":5}},"5":{"start":{"line":26,"column":6},"end":{"line":28,"column":44}},"6":{"start":{"line":30,"column":6},"end":{"line":30,"column":39}},"7":{"start":{"line":33,"column":4},"end":{"line":33,"column":22}},"8":{"start":{"line":36,"column":2},"end":{"line":38,"column":4}},"9":{"start":{"line":37,"column":4},"end":{"line":37,"column":63}},"10":{"start":{"line":40,"column":2},"end":{"line":55,"column":4}},"11":{"start":{"line":41,"column":4},"end":{"line":41,"column":17}},"12":{"start":{"line":43,"column":4},"end":{"line":43,"column":38}},"13":{"start":{"line":46,"column":4},"end":{"line":46,"column":52}},"14":{"start":{"line":48,"column":4},"end":{"line":52,"column":5}},"15":{"start":{"line":49,"column":6},"end":{"line":51,"column":7}},"16":{"start":{"line":50,"column":8},"end":{"line":50,"column":24}},"17":{"start":{"line":54,"column":4},"end":{"line":54,"column":17}},"18":{"start":{"line":57,"column":2},"end":{"line":86,"column":4}},"19":{"start":{"line":58,"column":4},"end":{"line":58,"column":86}},"20":{"start":{"line":60,"column":4},"end":{"line":83,"column":5}},"21":{"start":{"line":61,"column":6},"end":{"line":65,"column":7}},"22":{"start":{"line":62,"column":8},"end":{"line":64,"column":9}},"23":{"start":{"line":63,"column":10},"end":{"line":63,"column":61}},"24":{"start":{"line":67,"column":6},"end":{"line":82,"column":7}},"25":{"start":{"line":69,"column":8},"end":{"line":69,"column":43}},"26":{"start":{"line":70,"column":8},"end":{"line":70,"column":73}},"27":{"start":{"line":71,"column":8},"end":{"line":71,"column":42}},"28":{"start":{"line":74,"column":8},"end":{"line":74,"column":40}},"29":{"start":{"line":75,"column":8},"end":{"line":75,"column":44}},"30":{"start":{"line":77,"column":8},"end":{"line":79,"column":9}},"31":{"start":{"line":78,"column":10},"end":{"line":78,"column":70}},"32":{"start":{"line":81,"column":8},"end":{"line":81,"column":39}},"33":{"start":{"line":85,"column":4},"end":{"line":85,"column":16}},"34":{"start":{"line":88,"column":2},"end":{"line":111,"column":4}},"35":{"start":{"line":89,"column":4},"end":{"line":89,"column":17}},"36":{"start":{"line":91,"column":4},"end":{"line":91,"column":38}},"37":{"start":{"line":94,"column":4},"end":{"line":94,"column":52}},"38":{"start":{"line":96,"column":4},"end":{"line":108,"column":5}},"39":{"start":{"line":97,"column":6},"end":{"line":107,"column":7}},"40":{"start":{"line":98,"column":8},"end":{"line":104,"column":9}},"41":{"start":{"line":100,"column":10},"end":{"line":100,"column":35}},"42":{"start":{"line":103,"column":10},"end":{"line":103,"column":35}},"43":{"start":{"line":106,"column":8},"end":{"line":106,"column":20}},"44":{"start":{"line":110,"column":4},"end":{"line":110,"column":17}},"45":{"start":{"line":113,"column":2},"end":{"line":113,"column":20}}},"branchMap":{"1":{"line":24,"type":"if","locations":[{"start":{"line":24,"column":4},"end":{"line":24,"column":4}},{"start":{"line":24,"column":4},"end":{"line":24,"column":4}}]},"2":{"line":37,"type":"binary-expr","locations":[{"start":{"line":37,"column":11},"end":{"line":37,"column":32}},{"start":{"line":37,"column":36},"end":{"line":37,"column":62}}]},"3":{"line":46,"type":"binary-expr","locations":[{"start":{"line":46,"column":12},"end":{"line":46,"column":31}},{"start":{"line":46,"column":35},"end":{"line":46,"column":51}}]},"4":{"line":49,"type":"if","locations":[{"start":{"line":49,"column":6},"end":{"line":49,"column":6}},{"start":{"line":49,"column":6},"end":{"line":49,"column":6}}]},"5":{"line":60,"type":"if","locations":[{"start":{"line":60,"column":4},"end":{"line":60,"column":4}},{"start":{"line":60,"column":4},"end":{"line":60,"column":4}}]},"6":{"line":62,"type":"if","locations":[{"start":{"line":62,"column":8},"end":{"line":62,"column":8}},{"start":{"line":62,"column":8},"end":{"line":62,"column":8}}]},"7":{"line":67,"type":"if","locations":[{"start":{"line":67,"column":6},"end":{"line":67,"column":6}},{"start":{"line":67,"column":6},"end":{"line":67,"column":6}}]},"8":{"line":94,"type":"binary-expr","locations":[{"start":{"line":94,"column":12},"end":{"line":94,"column":31}},{"start":{"line":94,"column":35},"end":{"line":94,"column":51}}]},"9":{"line":97,"type":"if","locations":[{"start":{"line":97,"column":6},"end":{"line":97,"column":6}},{"start":{"line":97,"column":6},"end":{"line":97,"column":6}}]},"10":{"line":98,"type":"if","locations":[{"start":{"line":98,"column":8},"end":{"line":98,"column":8}},{"start":{"line":98,"column":8},"end":{"line":98,"column":8}}]}}},"./xooie/xooie.js":{"path":"./xooie/xooie.js","s":{"1":1,"2":1,"3":1,"4":0,"5":1,"6":3,"7":3,"8":3,"9":3,"10":1,"11":2,"12":2,"13":1,"14":9,"15":9,"16":10,"17":10,"18":3,"19":7,"20":9,"21":5,"22":5,"23":3,"24":1,"25":6,"26":2,"27":4,"28":1,"29":1,"30":0,"31":1,"32":1,"33":1,"34":1,"35":1,"36":1,"37":1,"38":1,"39":1,"40":1,"41":1,"42":1,"43":1,"44":0,"45":1,"46":1,"47":0,"48":0,"49":0,"50":0,"51":0,"52":0,"53":0,"54":0,"55":0,"56":0,"57":0,"58":1,"59":1,"60":1,"61":1,"62":0,"63":0,"64":0,"65":0,"66":0,"67":0,"68":0,"69":0,"70":0,"71":0,"72":0,"73":1,"74":1,"75":1,"76":1,"77":1,"78":1,"79":1,"80":3,"81":3,"82":166,"83":166,"84":164,"85":164,"86":1,"87":1,"88":1,"89":1},"b":{"1":[3,0],"2":[2,0],"3":[10,0],"4":[3,7],"5":[10,8],"6":[5,4],"7":[3,2],"8":[2,4],"9":[0,1],"10":[0,1],"11":[0,0],"12":[0,0],"13":[0,0],"14":[0,0],"15":[164,2],"16":[166,166]},"f":{"1":1,"2":0,"3":3,"4":2,"5":9,"6":6,"7":1,"8":1,"9":1,"10":3,"11":1,"12":1},"fnMap":{"1":{"name":"(anonymous_1)","line":34,"loc":{"start":{"line":34,"column":14},"end":{"line":34,"column":39}}},"2":{"name":"(anonymous_2)","line":40,"loc":{"start":{"line":40,"column":10},"end":{"line":40,"column":22}}},"3":{"name":"copyObj","line":45,"loc":{"start":{"line":45,"column":2},"end":{"line":45,"column":29}}},"4":{"name":"gcCallback","line":55,"loc":{"start":{"line":55,"column":2},"end":{"line":55,"column":24}}},"5":{"name":"(anonymous_5)","line":80,"loc":{"start":{"line":80,"column":15},"end":{"line":80,"column":34}}},"6":{"name":"(anonymous_6)","line":110,"loc":{"start":{"line":110,"column":17},"end":{"line":110,"column":39}}},"7":{"name":"(anonymous_7)","line":129,"loc":{"start":{"line":129,"column":89},"end":{"line":129,"column":123}}},"8":{"name":"(anonymous_8)","line":139,"loc":{"start":{"line":139,"column":15},"end":{"line":139,"column":34}}},"9":{"name":"(anonymous_9)","line":185,"loc":{"start":{"line":185,"column":24},"end":{"line":185,"column":36}}},"10":{"name":"(anonymous_10)","line":263,"loc":{"start":{"line":263,"column":18},"end":{"line":263,"column":30}}},"11":{"name":"(anonymous_11)","line":279,"loc":{"start":{"line":279,"column":35},"end":{"line":279,"column":52}}},"12":{"name":"(anonymous_12)","line":282,"loc":{"start":{"line":282,"column":20},"end":{"line":282,"column":32}}}},"statementMap":{"1":{"start":{"line":17,"column":0},"end":{"line":17,"column":14}},"2":{"start":{"line":34,"column":0},"end":{"line":127,"column":10}},"3":{"start":{"line":36,"column":2},"end":{"line":43,"column":19}},"4":{"start":{"line":41,"column":6},"end":{"line":41,"column":19}},"5":{"start":{"line":45,"column":2},"end":{"line":53,"column":3}},"6":{"start":{"line":46,"column":4},"end":{"line":46,"column":13}},"7":{"start":{"line":48,"column":4},"end":{"line":52,"column":5}},"8":{"start":{"line":49,"column":6},"end":{"line":51,"column":7}},"9":{"start":{"line":50,"column":8},"end":{"line":50,"column":30}},"10":{"start":{"line":55,"column":2},"end":{"line":59,"column":3}},"11":{"start":{"line":56,"column":4},"end":{"line":58,"column":5}},"12":{"start":{"line":57,"column":6},"end":{"line":57,"column":22}},"13":{"start":{"line":80,"column":2},"end":{"line":100,"column":4}},"14":{"start":{"line":81,"column":4},"end":{"line":81,"column":13}},"15":{"start":{"line":83,"column":4},"end":{"line":91,"column":5}},"16":{"start":{"line":84,"column":6},"end":{"line":90,"column":7}},"17":{"start":{"line":85,"column":8},"end":{"line":89,"column":9}},"18":{"start":{"line":86,"column":10},"end":{"line":86,"column":47}},"19":{"start":{"line":88,"column":10},"end":{"line":88,"column":39}},"20":{"start":{"line":93,"column":4},"end":{"line":99,"column":5}},"21":{"start":{"line":94,"column":6},"end":{"line":94,"column":39}},"22":{"start":{"line":96,"column":6},"end":{"line":98,"column":7}},"23":{"start":{"line":97,"column":8},"end":{"line":97,"column":66}},"24":{"start":{"line":110,"column":2},"end":{"line":115,"column":4}},"25":{"start":{"line":111,"column":4},"end":{"line":113,"column":5}},"26":{"start":{"line":112,"column":6},"end":{"line":112,"column":58}},"27":{"start":{"line":114,"column":4},"end":{"line":114,"column":30}},"28":{"start":{"line":117,"column":2},"end":{"line":120,"column":5}},"29":{"start":{"line":122,"column":2},"end":{"line":124,"column":3}},"30":{"start":{"line":123,"column":4},"end":{"line":123,"column":30}},"31":{"start":{"line":126,"column":2},"end":{"line":126,"column":13}},"32":{"start":{"line":129,"column":0},"end":{"line":277,"column":3}},"33":{"start":{"line":131,"column":2},"end":{"line":131,"column":70}},"34":{"start":{"line":133,"column":2},"end":{"line":133,"column":24}},"35":{"start":{"line":134,"column":2},"end":{"line":134,"column":28}},"36":{"start":{"line":135,"column":2},"end":{"line":135,"column":40}},"37":{"start":{"line":136,"column":2},"end":{"line":136,"column":32}},"38":{"start":{"line":137,"column":2},"end":{"line":137,"column":27}},"39":{"start":{"line":139,"column":2},"end":{"line":222,"column":4}},"40":{"start":{"line":140,"column":4},"end":{"line":140,"column":56}},"41":{"start":{"line":142,"column":4},"end":{"line":142,"column":25}},"42":{"start":{"line":145,"column":4},"end":{"line":145,"column":41}},"43":{"start":{"line":148,"column":4},"end":{"line":150,"column":5}},"44":{"start":{"line":149,"column":6},"end":{"line":149,"column":33}},"45":{"start":{"line":153,"column":4},"end":{"line":153,"column":20}},"46":{"start":{"line":156,"column":4},"end":{"line":182,"column":5}},"47":{"start":{"line":157,"column":6},"end":{"line":157,"column":25}},"48":{"start":{"line":160,"column":6},"end":{"line":160,"column":63}},"49":{"start":{"line":164,"column":6},"end":{"line":170,"column":7}},"50":{"start":{"line":165,"column":8},"end":{"line":165,"column":53}},"51":{"start":{"line":167,"column":8},"end":{"line":169,"column":9}},"52":{"start":{"line":168,"column":10},"end":{"line":168,"column":31}},"53":{"start":{"line":173,"column":6},"end":{"line":173,"column":68}},"54":{"start":{"line":175,"column":6},"end":{"line":181,"column":7}},"55":{"start":{"line":176,"column":8},"end":{"line":176,"column":52}},"56":{"start":{"line":178,"column":8},"end":{"line":180,"column":9}},"57":{"start":{"line":179,"column":10},"end":{"line":179,"column":31}},"58":{"start":{"line":185,"column":4},"end":{"line":221,"column":7}},"59":{"start":{"line":186,"column":6},"end":{"line":186,"column":72}},"60":{"start":{"line":188,"column":6},"end":{"line":188,"column":21}},"61":{"start":{"line":191,"column":6},"end":{"line":220,"column":7}},"62":{"start":{"line":192,"column":8},"end":{"line":192,"column":27}},"63":{"start":{"line":195,"column":8},"end":{"line":195,"column":61}},"64":{"start":{"line":196,"column":8},"end":{"line":196,"column":65}},"65":{"start":{"line":199,"column":8},"end":{"line":219,"column":9}},"66":{"start":{"line":202,"column":10},"end":{"line":202,"column":76}},"67":{"start":{"line":205,"column":10},"end":{"line":205,"column":42}},"68":{"start":{"line":207,"column":10},"end":{"line":207,"column":25}},"69":{"start":{"line":210,"column":10},"end":{"line":215,"column":11}},"70":{"start":{"line":212,"column":12},"end":{"line":212,"column":76}},"71":{"start":{"line":214,"column":12},"end":{"line":214,"column":48}},"72":{"start":{"line":218,"column":10},"end":{"line":218,"column":57}},"73":{"start":{"line":224,"column":2},"end":{"line":224,"column":24}},"74":{"start":{"line":225,"column":2},"end":{"line":225,"column":28}},"75":{"start":{"line":232,"column":2},"end":{"line":232,"column":46}},"76":{"start":{"line":239,"column":2},"end":{"line":239,"column":25}},"77":{"start":{"line":246,"column":2},"end":{"line":246,"column":28}},"78":{"start":{"line":254,"column":2},"end":{"line":254,"column":27}},"79":{"start":{"line":263,"column":2},"end":{"line":274,"column":4}},"80":{"start":{"line":264,"column":4},"end":{"line":264,"column":20}},"81":{"start":{"line":266,"column":4},"end":{"line":273,"column":5}},"82":{"start":{"line":267,"column":6},"end":{"line":267,"column":38}},"83":{"start":{"line":269,"column":6},"end":{"line":272,"column":7}},"84":{"start":{"line":270,"column":8},"end":{"line":270,"column":27}},"85":{"start":{"line":271,"column":8},"end":{"line":271,"column":36}},"86":{"start":{"line":276,"column":2},"end":{"line":276,"column":15}},"87":{"start":{"line":279,"column":0},"end":{"line":285,"column":3}},"88":{"start":{"line":282,"column":2},"end":{"line":284,"column":5}},"89":{"start":{"line":283,"column":4},"end":{"line":283,"column":16}}},"branchMap":{"1":{"line":49,"type":"if","locations":[{"start":{"line":49,"column":6},"end":{"line":49,"column":6}},{"start":{"line":49,"column":6},"end":{"line":49,"column":6}}]},"2":{"line":56,"type":"if","locations":[{"start":{"line":56,"column":4},"end":{"line":56,"column":4}},{"start":{"line":56,"column":4},"end":{"line":56,"column":4}}]},"3":{"line":84,"type":"if","locations":[{"start":{"line":84,"column":6},"end":{"line":84,"column":6}},{"start":{"line":84,"column":6},"end":{"line":84,"column":6}}]},"4":{"line":85,"type":"if","locations":[{"start":{"line":85,"column":8},"end":{"line":85,"column":8}},{"start":{"line":85,"column":8},"end":{"line":85,"column":8}}]},"5":{"line":85,"type":"binary-expr","locations":[{"start":{"line":85,"column":12},"end":{"line":85,"column":30}},{"start":{"line":85,"column":34},"end":{"line":85,"column":51}}]},"6":{"line":93,"type":"if","locations":[{"start":{"line":93,"column":4},"end":{"line":93,"column":4}},{"start":{"line":93,"column":4},"end":{"line":93,"column":4}}]},"7":{"line":96,"type":"if","locations":[{"start":{"line":96,"column":6},"end":{"line":96,"column":6}},{"start":{"line":96,"column":6},"end":{"line":96,"column":6}}]},"8":{"line":111,"type":"if","locations":[{"start":{"line":111,"column":4},"end":{"line":111,"column":4}},{"start":{"line":111,"column":4},"end":{"line":111,"column":4}}]},"9":{"line":122,"type":"if","locations":[{"start":{"line":122,"column":2},"end":{"line":122,"column":2}},{"start":{"line":122,"column":2},"end":{"line":122,"column":2}}]},"10":{"line":148,"type":"if","locations":[{"start":{"line":148,"column":4},"end":{"line":148,"column":4}},{"start":{"line":148,"column":4},"end":{"line":148,"column":4}}]},"11":{"line":167,"type":"if","locations":[{"start":{"line":167,"column":8},"end":{"line":167,"column":8}},{"start":{"line":167,"column":8},"end":{"line":167,"column":8}}]},"12":{"line":173,"type":"binary-expr","locations":[{"start":{"line":173,"column":20},"end":{"line":173,"column":61}},{"start":{"line":173,"column":65},"end":{"line":173,"column":67}}]},"13":{"line":178,"type":"if","locations":[{"start":{"line":178,"column":8},"end":{"line":178,"column":8}},{"start":{"line":178,"column":8},"end":{"line":178,"column":8}}]},"14":{"line":196,"type":"binary-expr","locations":[{"start":{"line":196,"column":17},"end":{"line":196,"column":58}},{"start":{"line":196,"column":62},"end":{"line":196,"column":64}}]},"15":{"line":269,"type":"if","locations":[{"start":{"line":269,"column":6},"end":{"line":269,"column":6}},{"start":{"line":269,"column":6},"end":{"line":269,"column":6}}]},"16":{"line":269,"type":"binary-expr","locations":[{"start":{"line":269,"column":10},"end":{"line":269,"column":25}},{"start":{"line":269,"column":29},"end":{"line":269,"column":73}}]}}}}